2023-12-20 16:55:06,261 [INFO] Activator:176 - 


2023-12-20 16:55:06,273 [INFO] Activator:177 - !SESSION log4j initialized
2023-12-20 16:55:15,490 [INFO] LogOutputStream:77 - [STDOUT_REDIRECT] 
2023-12-20 16:55:20,155 [INFO] ApplicationProperties:184 - Using Application install path: C:\ST\STM32CubeIDE_1.13.2\STM32CubeIDE\plugins\com.st.stm32cube.common.mx_6.9.2.202309101412
2023-12-20 16:55:20,187 [INFO] DbMcusXml:78 - Set database path to: C:\ST\STM32CubeIDE_1.13.2\STM32CubeIDE\plugins\com.st.stm32cube.common.mx_6.9.2.202309101412\\db\/mcu/
2023-12-20 16:55:20,187 [INFO] ApiDb:274 - Set plugin database path to: C:\ST\STM32CubeIDE_1.13.2\STM32CubeIDE\plugins\com.st.stm32cube.common.mx_6.9.2.202309101412\\db\/plugins/boardmanager/
2023-12-20 16:55:20,188 [WARN] ApiDb:259 - Overriding images path with different value:  => C:\ST\STM32CubeIDE_1.13.2\STM32CubeIDE\plugins\com.st.stm32cube.common.mx_6.9.2.202309101412\\db\/plugins/mcufinder/images/
2023-12-20 16:55:20,215 [INFO] ApiDb:250 - Set database path to: C:\Users\Hector\.stmcufinder\plugins\mcufinder//mcu/
2023-12-20 16:55:20,217 [INFO] DbMcusAds:125 - Set database path to: C:\Users\Hector\.stmcufinder\plugins\mcufinder//mcu/
2023-12-20 16:55:20,221 [INFO] CrossReferenceDbSqlite:203 - Set database path to: C:\Users\Hector\.stmcufinder\plugins\mcufinder//mcu/cs/
2023-12-20 16:55:20,393 [INFO] RulesReader:64 - Compatibility file has been processed (293 Rules)
2023-12-20 16:55:20,501 [INFO] DbMcusXml:78 - Set database path to: C:\ST\STM32CubeIDE_1.13.2\STM32CubeIDE\plugins\com.st.stm32cube.common.mx_6.9.2.202309101412\\db\/mcu/
2023-12-20 16:55:20,501 [INFO] ApiDb:274 - Set plugin database path to: C:\ST\STM32CubeIDE_1.13.2\STM32CubeIDE\plugins\com.st.stm32cube.common.mx_6.9.2.202309101412\\db\/plugins/boardmanager/
2023-12-20 16:55:20,501 [INFO] ApiDb:261 - Set plugin images path to: C:\ST\STM32CubeIDE_1.13.2\STM32CubeIDE\plugins\com.st.stm32cube.common.mx_6.9.2.202309101412\\db\/plugins/mcufinder/images/
2023-12-20 16:55:20,502 [WARN] DbFile:41 - Overriding database path with different value: C:\Users\Hector\.stmcufinder\plugins\mcufinder/ => C:\Users\Hector\.stmcufinder\plugins\mcufinder
2023-12-20 16:55:20,502 [INFO] ApiDb:250 - Set database path to: C:\Users\Hector\.stmcufinder\plugins\mcufinder//mcu/
2023-12-20 16:55:20,502 [WARN] DbFile:41 - Overriding database path with different value: C:\Users\Hector\.stmcufinder\plugins\mcufinder/ => C:\Users\Hector\.stmcufinder\plugins\mcufinder
2023-12-20 16:55:20,502 [INFO] DbMcusAds:125 - Set database path to: C:\Users\Hector\.stmcufinder\plugins\mcufinder//mcu/
2023-12-20 16:55:20,502 [WARN] DbFile:41 - Overriding database path with different value: C:\Users\Hector\.stmcufinder\plugins\mcufinder/ => C:\Users\Hector\.stmcufinder\plugins\mcufinder
2023-12-20 16:55:20,502 [WARN] DbFile:41 - Overriding database path with different value: C:\Users\Hector\.stmcufinder\plugins\mcufinder/ => C:\Users\Hector\.stmcufinder\plugins\mcufinder
2023-12-20 16:55:20,503 [INFO] CrossReferenceDbSqlite:203 - Set database path to: C:\Users\Hector\.stmcufinder\plugins\mcufinder//mcu/cs/
2023-12-20 16:55:20,609 [INFO] MainPanel:262 - HeapMemory: 268435456
2023-12-20 16:55:20,742 [INFO] DbMcusXml:78 - Set database path to: C:\ST\STM32CubeIDE_1.13.2\STM32CubeIDE\plugins\com.st.stm32cube.common.mx_6.9.2.202309101412\\db\/mcu/
2023-12-20 16:55:20,742 [INFO] ApiDb:274 - Set plugin database path to: C:\ST\STM32CubeIDE_1.13.2\STM32CubeIDE\plugins\com.st.stm32cube.common.mx_6.9.2.202309101412\\db\/plugins/boardmanager/
2023-12-20 16:55:20,742 [INFO] ApiDb:261 - Set plugin images path to: C:\ST\STM32CubeIDE_1.13.2\STM32CubeIDE\plugins\com.st.stm32cube.common.mx_6.9.2.202309101412\\db\/plugins/mcufinder/images/
2023-12-20 16:55:20,743 [WARN] DbFile:41 - Overriding database path with different value: C:\Users\Hector\.stmcufinder\plugins\mcufinder/ => C:\Users\Hector\.stmcufinder\plugins\mcufinder
2023-12-20 16:55:20,743 [INFO] ApiDb:250 - Set database path to: C:\Users\Hector\.stmcufinder\plugins\mcufinder//mcu/
2023-12-20 16:55:20,743 [WARN] DbFile:41 - Overriding database path with different value: C:\Users\Hector\.stmcufinder\plugins\mcufinder/ => C:\Users\Hector\.stmcufinder\plugins\mcufinder
2023-12-20 16:55:20,744 [INFO] DbMcusAds:125 - Set database path to: C:\Users\Hector\.stmcufinder\plugins\mcufinder//mcu/
2023-12-20 16:55:20,744 [WARN] DbFile:41 - Overriding database path with different value: C:\Users\Hector\.stmcufinder\plugins\mcufinder/ => C:\Users\Hector\.stmcufinder\plugins\mcufinder
2023-12-20 16:55:20,744 [WARN] DbFile:41 - Overriding database path with different value: C:\Users\Hector\.stmcufinder\plugins\mcufinder/ => C:\Users\Hector\.stmcufinder\plugins\mcufinder
2023-12-20 16:55:20,744 [INFO] CrossReferenceDbSqlite:203 - Set database path to: C:\Users\Hector\.stmcufinder\plugins\mcufinder//mcu/cs/
2023-12-20 16:55:20,774 [INFO] ApplicationProperties:184 - Using Application install path: C:\ST\STM32CubeIDE_1.13.2\STM32CubeIDE\plugins\com.st.stm32cube.common.mx_6.9.2.202309101412
2023-12-20 16:55:20,776 [INFO] PluginManage:196 - Search for loadable plugins [exclusion list=, ]
2023-12-20 16:55:20,779 [INFO] PluginManage:310 - Check plugin analytics
2023-12-20 16:55:21,043 [INFO] AnalyticsPlugin:253 - Accepted Software Licenses: STM32CubeMX.6.4.0
2023-12-20 16:55:21,044 [INFO] AnalyticsPlugin:255 - Accepted CMSIS Pack Licenses: 
2023-12-20 16:55:21,044 [INFO] AnalyticsPlugin:257 - Accepted Firmware Licenses: FW.F4.1.27.0
2023-12-20 16:55:21,048 [INFO] PluginManage:359 - Loaded plugin analytics (category:tool,tabindex:-1)
2023-12-20 16:55:21,049 [INFO] PluginManage:310 - Check plugin cadmodel
2023-12-20 16:55:21,069 [INFO] CADModel:105 - Init CAD model plugin
2023-12-20 16:55:21,069 [INFO] PluginManage:359 - Loaded plugin cadmodel (category:power,tabindex:5)
2023-12-20 16:55:21,070 [INFO] PluginManage:310 - Check plugin clock
2023-12-20 16:55:21,094 [INFO] PluginManage:359 - Loaded plugin clock (category:base,tabindex:2)
2023-12-20 16:55:21,094 [INFO] PluginManage:310 - Check plugin ddr
2023-12-20 16:55:21,097 [INFO] PluginManage:359 - Loaded plugin ddr (category:tool,tabindex:6)
2023-12-20 16:55:21,097 [INFO] PluginManage:310 - Check plugin filemanager
2023-12-20 16:55:21,304 [INFO] PluginManage:359 - Loaded plugin filemanager (category:base,tabindex:10)
2023-12-20 16:55:21,304 [INFO] PluginManage:310 - Check plugin ipmanager
2023-12-20 16:55:21,315 [INFO] PluginManage:359 - Loaded plugin ipmanager (category:base,tabindex:5)
2023-12-20 16:55:21,315 [INFO] PluginManage:310 - Check plugin lpbam
2023-12-20 16:55:21,349 [INFO] PluginManage:359 - Loaded plugin lpbam (category:base,tabindex:0)
2023-12-20 16:55:21,349 [INFO] PluginManage:310 - Check plugin memorymap
2023-12-20 16:55:21,392 [INFO] PluginManage:359 - Loaded plugin memorymap (category:base,tabindex:4)
2023-12-20 16:55:21,392 [INFO] PluginManage:310 - Check plugin pinoutandconfiguration
2023-12-20 16:55:21,421 [INFO] PluginManage:359 - Loaded plugin pinoutandconfiguration (category:base,tabindex:1)
2023-12-20 16:55:21,421 [INFO] PluginManage:310 - Check plugin pinoutconfig
2023-12-20 16:55:21,554 [WARN] SupportedApi:132 - Cannot load RTOS API schema: s4s-elt-must-match.1: The content of 'definitions' must match (annotation?, (simpleType | complexType)?, (unique | key | keyref)*)). A problem was found starting at: attribute.
2023-12-20 16:55:21,745 [INFO] PluginManage:359 - Loaded plugin pinoutconfig (category:base,tabindex:0)
2023-12-20 16:55:21,745 [INFO] PluginManage:310 - Check plugin power
2023-12-20 16:55:21,778 [INFO] PluginManage:359 - Loaded plugin power (category:power,tabindex:4)
2023-12-20 16:55:21,779 [INFO] PluginManage:310 - Check plugin projectmanager
2023-12-20 16:55:21,803 [INFO] PluginManage:359 - Loaded plugin projectmanager (category:projectmanager,tabindex:3)
2023-12-20 16:55:21,803 [INFO] PluginManage:310 - Check plugin thirdparty
2023-12-20 16:55:22,176 [INFO] PluginManage:359 - Loaded plugin thirdparty (category:base,tabindex:-1)
2023-12-20 16:55:22,176 [INFO] PluginManage:310 - Check plugin tools
2023-12-20 16:55:22,176 [WARN] IntegrityCheckThread:84 - waiting for thirdparty lock release [integrity check]
2023-12-20 16:55:22,177 [INFO] IntegrityCheckThread:86 - entering critical section [integrity check]
2023-12-20 16:55:22,177 [INFO] ThirdPartyUpdaterWithRetryManager:70 - Updater plugin not ready yet. [1/15]
2023-12-20 16:55:22,211 [INFO] PluginManage:359 - Loaded plugin tools (category:base,tabindex:7)
2023-12-20 16:55:22,211 [INFO] PluginManage:310 - Check plugin tutovideos
2023-12-20 16:55:22,505 [INFO] PluginManage:359 - Loaded plugin tutovideos (category:base,tabindex:-1)
2023-12-20 16:55:22,505 [INFO] PluginManage:310 - Check plugin updater
2023-12-20 16:55:22,521 [INFO] PluginManage:359 - Loaded plugin updater (category:base,tabindex:12)
2023-12-20 16:55:22,521 [INFO] PluginManage:310 - Check plugin userauth
2023-12-20 16:55:22,530 [INFO] UserAuth:113 - Init User Auth plugin
2023-12-20 16:55:22,530 [INFO] PluginManage:359 - Loaded plugin userauth (category:base,tabindex:14)
2023-12-20 16:55:22,530 [INFO] PluginManage:283 - PluginManage : Loaded plugins [17]
2023-12-20 16:55:22,810 [INFO] PinOutPanel:1499 - setPackage(No Configuration,No Configuration)
2023-12-20 16:55:22,963 [INFO] CADModel:165 - CPN selected for project level
2023-12-20 16:55:22,963 [INFO] CADModel:114 - Register for checkConnection events
2023-12-20 16:55:22,994 [INFO] IPUIPlugin:80 - create IPUIPlugin
2023-12-20 16:55:22,995 [INFO] PluginManager:220 - loadIPPluginJar : add adc
2023-12-20 16:55:23,037 [INFO] IPUIPlugin:80 - create IPUIPlugin
2023-12-20 16:55:23,037 [INFO] PluginManager:220 - loadIPPluginJar : add aes
2023-12-20 16:55:23,078 [INFO] IPUIPlugin:80 - create IPUIPlugin
2023-12-20 16:55:23,078 [INFO] PluginManager:220 - loadIPPluginJar : add can
2023-12-20 16:55:23,114 [INFO] IPUIPlugin:80 - create IPUIPlugin
2023-12-20 16:55:23,114 [INFO] PluginManager:220 - loadIPPluginJar : add comp
2023-12-20 16:55:23,146 [INFO] IPUIPlugin:80 - create IPUIPlugin
2023-12-20 16:55:23,146 [INFO] PluginManager:220 - loadIPPluginJar : add cryp
2023-12-20 16:55:23,175 [INFO] IPUIPlugin:80 - create IPUIPlugin
2023-12-20 16:55:23,175 [INFO] PluginManager:220 - loadIPPluginJar : add dfsdm
2023-12-20 16:55:23,189 [INFO] IPUIPlugin:80 - create IPUIPlugin
2023-12-20 16:55:23,190 [INFO] PluginManager:220 - loadIPPluginJar : add dma
2023-12-20 16:55:23,233 [INFO] IPUIPlugin:80 - create IPUIPlugin
2023-12-20 16:55:23,233 [INFO] PluginManager:220 - loadIPPluginJar : add dma3
2023-12-20 16:55:23,252 [INFO] IPUIPlugin:80 - create IPUIPlugin
2023-12-20 16:55:23,252 [INFO] PluginManager:220 - loadIPPluginJar : add fatfs
2023-12-20 16:55:23,298 [INFO] IPUIPlugin:80 - create IPUIPlugin
2023-12-20 16:55:23,298 [INFO] PluginManager:220 - loadIPPluginJar : add fmc
2023-12-20 16:55:23,315 [INFO] IPUIPlugin:80 - create IPUIPlugin
2023-12-20 16:55:23,315 [INFO] PluginManager:220 - loadIPPluginJar : add freertos
2023-12-20 16:55:23,344 [INFO] IPUIPlugin:80 - create IPUIPlugin
2023-12-20 16:55:23,345 [INFO] PluginManager:220 - loadIPPluginJar : add genericplugin
2023-12-20 16:55:23,448 [INFO] IPUIPlugin:80 - create IPUIPlugin
2023-12-20 16:55:23,448 [INFO] PluginManager:220 - loadIPPluginJar : add gfxmmu
2023-12-20 16:55:23,605 [INFO] IPUIPlugin:80 - create IPUIPlugin
2023-12-20 16:55:23,605 [INFO] PluginManager:220 - loadIPPluginJar : add gic
2023-12-20 16:55:23,619 [INFO] IPUIPlugin:80 - create IPUIPlugin
2023-12-20 16:55:23,619 [INFO] PluginManager:220 - loadIPPluginJar : add gpio
2023-12-20 16:55:23,737 [INFO] IPUIPlugin:80 - create IPUIPlugin
2023-12-20 16:55:23,737 [INFO] PluginManager:220 - loadIPPluginJar : add gtzc
2023-12-20 16:55:23,773 [INFO] IPUIPlugin:80 - create IPUIPlugin
2023-12-20 16:55:23,774 [INFO] PluginManager:220 - loadIPPluginJar : add hash
2023-12-20 16:55:23,824 [INFO] IPUIPlugin:80 - create IPUIPlugin
2023-12-20 16:55:23,824 [INFO] PluginManager:220 - loadIPPluginJar : add i2c
2023-12-20 16:55:23,862 [INFO] IPUIPlugin:80 - create IPUIPlugin
2023-12-20 16:55:23,862 [INFO] PluginManager:220 - loadIPPluginJar : add i2s
2023-12-20 16:55:23,901 [INFO] IPUIPlugin:80 - create IPUIPlugin
2023-12-20 16:55:23,901 [INFO] PluginManager:220 - loadIPPluginJar : add i3c
2023-12-20 16:55:24,098 [INFO] IPUIPlugin:80 - create IPUIPlugin
2023-12-20 16:55:24,098 [INFO] PluginManager:220 - loadIPPluginJar : add ipddr
2023-12-20 16:55:24,195 [INFO] IPUIPlugin:80 - create IPUIPlugin
2023-12-20 16:55:24,195 [INFO] PluginManager:220 - loadIPPluginJar : add linkedlist
2023-12-20 16:55:24,230 [INFO] IPUIPlugin:80 - create IPUIPlugin
2023-12-20 16:55:24,230 [INFO] PluginManager:220 - loadIPPluginJar : add lorawan
2023-12-20 16:55:24,265 [INFO] IPUIPlugin:80 - create IPUIPlugin
2023-12-20 16:55:24,266 [INFO] PluginManager:220 - loadIPPluginJar : add ltdc
2023-12-20 16:55:24,280 [INFO] IPUIPlugin:80 - create IPUIPlugin
2023-12-20 16:55:24,281 [INFO] PluginManager:220 - loadIPPluginJar : add mdma
2023-12-20 16:55:24,293 [INFO] IPUIPlugin:80 - create IPUIPlugin
2023-12-20 16:55:24,293 [INFO] PluginManager:220 - loadIPPluginJar : add nvic
2023-12-20 16:55:24,328 [INFO] IPUIPlugin:80 - create IPUIPlugin
2023-12-20 16:55:24,328 [INFO] PluginManager:220 - loadIPPluginJar : add opamp
2023-12-20 16:55:24,416 [INFO] IPUIPlugin:80 - create IPUIPlugin
2023-12-20 16:55:24,416 [INFO] PluginManager:220 - loadIPPluginJar : add openamp
2023-12-20 16:55:24,471 [INFO] IPUIPlugin:80 - create IPUIPlugin
2023-12-20 16:55:24,471 [INFO] PluginManager:220 - loadIPPluginJar : add pdm2pcm
2023-12-20 16:55:24,487 [INFO] IPUIPlugin:80 - create IPUIPlugin
2023-12-20 16:55:24,490 [INFO] PluginManager:220 - loadIPPluginJar : add plateformsettings
2023-12-20 16:55:24,510 [INFO] IPUIPlugin:80 - create IPUIPlugin
2023-12-20 16:55:24,511 [INFO] PluginManager:220 - loadIPPluginJar : add quadspi
2023-12-20 16:55:24,529 [INFO] IPUIPlugin:80 - create IPUIPlugin
2023-12-20 16:55:24,529 [INFO] PluginManager:220 - loadIPPluginJar : add resmgrutility
2023-12-20 16:55:24,590 [INFO] IPUIPlugin:80 - create IPUIPlugin
2023-12-20 16:55:24,590 [INFO] PluginManager:220 - loadIPPluginJar : add sai
2023-12-20 16:55:24,640 [INFO] IPUIPlugin:80 - create IPUIPlugin
2023-12-20 16:55:24,640 [INFO] PluginManager:220 - loadIPPluginJar : add spi
2023-12-20 16:55:24,721 [INFO] IPUIPlugin:80 - create IPUIPlugin
2023-12-20 16:55:24,721 [INFO] PluginManager:220 - loadIPPluginJar : add stm32_wpan
2023-12-20 16:55:24,759 [INFO] IPUIPlugin:80 - create IPUIPlugin
2023-12-20 16:55:24,759 [INFO] PluginManager:220 - loadIPPluginJar : add tim
2023-12-20 16:55:24,832 [INFO] IPUIPlugin:80 - create IPUIPlugin
2023-12-20 16:55:24,832 [INFO] PluginManager:220 - loadIPPluginJar : add touchsensing
2023-12-20 16:55:24,859 [INFO] IPUIPlugin:80 - create IPUIPlugin
2023-12-20 16:55:24,859 [INFO] PluginManager:220 - loadIPPluginJar : add tracer_emb
2023-12-20 16:55:24,887 [INFO] IPUIPlugin:80 - create IPUIPlugin
2023-12-20 16:55:24,887 [INFO] PluginManager:220 - loadIPPluginJar : add ts
2023-12-20 16:55:24,913 [INFO] IPUIPlugin:80 - create IPUIPlugin
2023-12-20 16:55:24,913 [INFO] PluginManager:220 - loadIPPluginJar : add tsc
2023-12-20 16:55:24,940 [INFO] IPUIPlugin:80 - create IPUIPlugin
2023-12-20 16:55:24,941 [INFO] PluginManager:220 - loadIPPluginJar : add ucpd
2023-12-20 16:55:24,984 [INFO] IPUIPlugin:80 - create IPUIPlugin
2023-12-20 16:55:24,984 [INFO] PluginManager:220 - loadIPPluginJar : add usart
2023-12-20 16:55:25,034 [INFO] IPUIPlugin:80 - create IPUIPlugin
2023-12-20 16:55:25,034 [INFO] PluginManager:220 - loadIPPluginJar : add usbx
2023-12-20 16:55:25,179 [INFO] ThirdPartyUpdaterWithRetryManager:70 - Updater plugin not ready yet. [2/15]
2023-12-20 16:55:25,184 [INFO] CADModel:165 - CPN selected for project level
2023-12-20 16:55:25,184 [INFO] CADModel:114 - Register for checkConnection events
2023-12-20 16:55:25,185 [FATAL] Updater:308 - Updater called before beeing initialized
2023-12-20 16:55:25,185 [ERROR] CADModel:125 - Updater not yet initialized, retry later 
2023-12-20 16:55:25,419 [INFO] CADModel:165 - CPN selected for project level
2023-12-20 16:55:25,420 [INFO] CADModel:114 - Register for checkConnection events
2023-12-20 16:55:25,420 [FATAL] Updater:308 - Updater called before beeing initialized
2023-12-20 16:55:25,420 [ERROR] CADModel:125 - Updater not yet initialized, retry later 
2023-12-20 16:55:25,425 [FATAL] Updater:308 - Updater called before beeing initialized
2023-12-20 16:55:25,595 [FATAL] Updater:308 - Updater called before beeing initialized
2023-12-20 16:55:25,611 [INFO] DbMcusAds:53 - JSON generation date=Wed Nov 29 11:52:27 CET 2023 (1701255147349)
2023-12-20 16:55:25,611 [FATAL] Updater:308 - Updater called before beeing initialized
2023-12-20 16:55:25,710 [WARN] DetailPanel:346 - Failed to get advertising image, set to default
2023-12-20 16:55:25,823 [FATAL] Updater:308 - Updater called before beeing initialized
2023-12-20 16:55:25,826 [FATAL] Updater:308 - Updater called before beeing initialized
2023-12-20 16:55:25,826 [FATAL] Updater:308 - Updater called before beeing initialized
2023-12-20 16:55:25,826 [WARN] DetailPanel:346 - Failed to get advertising image, set to default
2023-12-20 16:55:25,827 [FATAL] Updater:308 - Updater called before beeing initialized
2023-12-20 16:55:25,921 [ERROR] Updater:1120 - MainUpdater not yet initialized. External WinMGr cannot be set.
2023-12-20 16:55:25,933 [INFO] Updater:1056 - Updater Version found : 6.9.2
2023-12-20 16:55:25,956 [INFO] ApplicationProperties:184 - Using Application install path: C:\ST\STM32CubeIDE_1.13.2\STM32CubeIDE\plugins\com.st.stm32cube.common.mx_6.9.2.202309101412
2023-12-20 16:55:26,215 [INFO] MainUpdater:2868 - connection check result : 10
2023-12-20 16:55:26,216 [INFO] MainUpdater:3562 - Updater definition file requires update
2023-12-20 16:55:26,217 [INFO] MainUpdater:285 - Updater Check For Update Now.
2023-12-20 16:55:26,218 [INFO] MicroXplorer:498 - Change Database Version : DB.6.0.92
2023-12-20 16:55:26,239 [INFO] McuFinderGlobals:63 - Set McuFinder mode to 2 (CubeIDE integrated)
2023-12-20 16:55:26,240 [INFO] UserAuth:179 - activating auth plugin
2023-12-20 16:55:26,242 [INFO] UserAuth:393 - Internet connection configuration mode: 1
2023-12-20 16:55:26,252 [INFO] ServerAccessManage:473 - Download File updaters.zip
2023-12-20 16:55:26,285 [INFO] JxBrowserEngine:151 - Initiate JxBrowser Engine with user profile folder
2023-12-20 16:55:26,508 [INFO] FileExtend:240 - Unzip File : updaters.zip
2023-12-20 16:55:26,508 [INFO] FileExtend:255 - Standard Zip Deflate
2023-12-20 16:55:27,028 [INFO] ServerAccessManage:473 - Download File PacksControlFlags.xml
2023-12-20 16:55:27,150 [INFO] ServerAccessManage:473 - Download File cubemx.pidx
2023-12-20 16:55:27,384 [INFO] LoadServerUpdatesThread:373 - End of LoadServerUpdate Thread
2023-12-20 16:55:27,663 [INFO] CheckServerUpdateThread:120 - End of CheckServer Thread
2023-12-20 16:55:28,522 [WARN] PackLoader:240 - Cannot read IP mode file for STMicroelectronics.X-CUBE-SMBUS.2.1.0
2023-12-20 16:55:28,545 [WARN] PackLoader:240 - Cannot read IP mode file for STMicroelectronics.X-CUBE-TOUCHGFX.4.23.0
2023-12-20 16:55:28,624 [WARN] PackLoader:240 - Cannot read IP mode file for STMicroelectronics.X-CUBE-AZRTOS-F7.1.1.0
2023-12-20 16:55:28,659 [WARN] PackLoader:240 - Cannot read IP mode file for STMicroelectronics.FP-SNS-MOTENV1.4.3.2
2023-12-20 16:55:28,694 [WARN] PackLoader:240 - Cannot read IP mode file for STMicroelectronics.X-CUBE-BLE1.6.2.2
2023-12-20 16:55:28,718 [WARN] PackLoader:240 - Cannot read IP mode file for STMicroelectronics.FP-SNS-FLIGHT1.5.0.2
2023-12-20 16:55:28,739 [WARN] PackLoader:240 - Cannot read IP mode file for STMicroelectronics.X-CUBE-BLE2.3.2.2
2023-12-20 16:55:28,765 [WARN] PackLoader:240 - Cannot read IP mode file for STMicroelectronics.X-CUBE-DISPLAY.3.0.0
2023-12-20 16:55:28,795 [WARN] PackLoader:240 - Cannot read IP mode file for STMicroelectronics.X-CUBE-BLE1.7.0.0
2023-12-20 16:55:28,822 [WARN] PackLoader:240 - Cannot read IP mode file for emotas.I-CUBE-CANOPEN.1.3.0
2023-12-20 16:55:28,839 [WARN] PackLoader:240 - Cannot read IP mode file for STMicroelectronics.X-CUBE-TOUCHGFX.4.22.1
2023-12-20 16:55:28,868 [WARN] PackLoader:240 - Cannot read IP mode file for STMicroelectronics.X-CUBE-SUBG2.4.2.0
2023-12-20 16:55:28,895 [WARN] PackLoader:240 - Cannot read IP mode file for STMicroelectronics.FP-SNS-SMARTAG2.1.2.0
2023-12-20 16:55:28,923 [INFO] LogOutputStream:77 - [STDOUT_REDIRECT] 1 : Invalid condition id : UX_CORESTACK_Condition cause : null
2023-12-20 16:55:28,924 [INFO] LogOutputStream:77 - [STDOUT_REDIRECT] 1 : Invalid condition id : UX_CORESTACK_Condition cause : null
2023-12-20 16:55:28,925 [INFO] LogOutputStream:77 - [STDOUT_REDIRECT] 1 : Invalid condition id : UX_CORESTACK_Condition cause : null
2023-12-20 16:55:28,928 [INFO] LogOutputStream:77 - [STDOUT_REDIRECT] 1 : Invalid condition id : UX_CORESTACK_Condition cause : null
2023-12-20 16:55:28,930 [INFO] LogOutputStream:77 - [STDOUT_REDIRECT] 1 : Invalid condition id : UX_CORESTACK_Condition cause : null
2023-12-20 16:55:28,937 [WARN] PackLoader:240 - Cannot read IP mode file for STMicroelectronics.X-CUBE-AZRTOS-WL.2.0.0
2023-12-20 16:55:28,961 [WARN] PackLoader:240 - Cannot read IP mode file for STMicroelectronics.X-CUBE-ALGOBUILD.1.2.1
2023-12-20 16:55:28,989 [WARN] PackLoader:240 - Cannot read IP mode file for WES.I-CUBE-Cesium.1.3.0
2023-12-20 16:55:29,013 [WARN] PackLoader:240 - Cannot read IP mode file for STMicroelectronics.X-CUBE-BLE2.3.3.0
2023-12-20 16:55:29,034 [WARN] PackLoader:240 - Cannot read IP mode file for STMicroelectronics.X-CUBE-TOUCHGFX.4.18.1
2023-12-20 16:55:29,051 [WARN] PackLoader:240 - Cannot read IP mode file for wolfSSL.I-CUBE-wolfSSL.5.0.0
2023-12-20 16:55:29,069 [WARN] PackLoader:240 - Cannot read IP mode file for STMicroelectronics.X-CUBE-ALGOBUILD.1.3.0
2023-12-20 16:55:29,122 [WARN] PackLoader:240 - Cannot read IP mode file for STMicroelectronics.X-CUBE-AZRTOS-G0.1.1.0
2023-12-20 16:55:29,148 [WARN] PackLoader:240 - Cannot read IP mode file for STMicroelectronics.X-CUBE-NFC4.3.0.0
2023-12-20 16:55:29,234 [WARN] PackLoader:240 - Cannot read IP mode file for SEGGER.I-CUBE-embOS.1.2.0
2023-12-20 16:55:29,329 [WARN] PackLoader:240 - Cannot read IP mode file for STMicroelectronics.X-CUBE-BLEMGR.3.0.0
2023-12-20 16:55:29,391 [WARN] PackLoader:240 - Cannot read IP mode file for STMicroelectronics.X-CUBE-AZRTOS-H7.2.0.0
2023-12-20 16:55:29,416 [WARN] PackLoader:240 - Cannot read IP mode file for STMicroelectronics.FP-ATR-SIGFOX1.3.2.0
2023-12-20 16:55:29,438 [WARN] PackLoader:240 - Cannot read IP mode file for STMicroelectronics.X-CUBE-DISPLAY.2.0.0
2023-12-20 16:55:29,456 [WARN] PackLoader:240 - Cannot read IP mode file for STMicroelectronics.X-CUBE-GNSS1.6.0.0
2023-12-20 16:55:29,501 [WARN] PackLoader:240 - Cannot read IP mode file for STMicroelectronics.X-CUBE-AZRTOS-F4.1.1.0
2023-12-20 16:55:29,556 [WARN] PackLoader:240 - Cannot read IP mode file for STMicroelectronics.X-CUBE-AZRTOS-L5.2.0.0
2023-12-20 16:55:29,583 [WARN] PackLoader:240 - Cannot read IP mode file for STMicroelectronics.X-CUBE-EEPRMA1.4.2.0
2023-12-20 16:55:29,609 [WARN] PackLoader:240 - Cannot read IP mode file for ITTIA_DB.I-CUBE-ITTIADB.8.8.0
2023-12-20 16:55:29,625 [WARN] PackLoader:240 - Cannot read IP mode file for STMicroelectronics.X-CUBE-NFC4.2.0.3
2023-12-20 16:55:29,668 [WARN] ConditionMgr:438 - getConditionDescription Invalid condition id : UX DEVICE CLASS RTOS Condition cause : null
2023-12-20 16:55:29,668 [WARN] ConditionMgr:438 - getConditionDescription Invalid condition id : UX DEVICE CLASS RTOS Condition cause : null
2023-12-20 16:55:29,673 [WARN] PackLoader:240 - Cannot read IP mode file for STMicroelectronics.X-CUBE-AZRTOS-H7.3.1.0
2023-12-20 16:55:29,675 [WARN] ConditionMgr:1039 - genDependencies : Invalid condition id : UX DEVICE CLASS RTOS Condition cause : null
2023-12-20 16:55:29,675 [WARN] ConditionMgr:1039 - genDependencies : Invalid condition id : UX DEVICE CLASS RTOS Condition cause : null
2023-12-20 16:55:29,676 [WARN] ConditionMgr:1039 - genDependencies : Invalid condition id : UX DEVICE CLASS RTOS Condition cause : null
2023-12-20 16:55:29,677 [WARN] ConditionMgr:1039 - genDependencies : Invalid condition id : UX DEVICE CLASS RTOS Condition cause : null
2023-12-20 16:55:29,677 [WARN] ConditionMgr:1039 - genDependencies : Invalid condition id : UX DEVICE CLASS RTOS Condition cause : null
2023-12-20 16:55:29,704 [WARN] PackLoader:240 - Cannot read IP mode file for STMicroelectronics.X-CUBE-SFXS2LP1.3.1.0
2023-12-20 16:55:29,759 [WARN] PackLoader:240 - Cannot read IP mode file for STMicroelectronics.X-CUBE-AZRTOS-F4.1.0.0
2023-12-20 16:55:29,786 [WARN] PackLoader:240 - Cannot read IP mode file for STMicroelectronics.X-CUBE-TOF1.2.0.0
2023-12-20 16:55:29,810 [WARN] PackLoader:240 - Cannot read IP mode file for STMicroelectronics.X-CUBE-NFC7.1.0.1
2023-12-20 16:55:29,833 [WARN] PackLoader:240 - Cannot read IP mode file for STMicroelectronics.X-CUBE-NFC6.3.0.0
2023-12-20 16:55:29,857 [WARN] PackLoader:240 - Cannot read IP mode file for STMicroelectronics.X-CUBE-AI.8.1.0
2023-12-20 16:55:30,034 [WARN] ConditionMgr:438 - getConditionDescription Invalid condition id : LAN8742 Phy interface Condition cause : null
2023-12-20 16:55:30,035 [WARN] PackLoader:240 - Cannot read IP mode file for STMicroelectronics.X-CUBE-AZRTOS-L4.2.0.0
2023-12-20 16:55:30,039 [WARN] ConditionMgr:1039 - genDependencies : Invalid condition id : LAN8742 Phy interface Condition cause : null
2023-12-20 16:55:30,040 [WARN] ConditionMgr:1039 - genDependencies : Invalid condition id : LAN8742 Phy interface Condition cause : null
2023-12-20 16:55:30,041 [WARN] ConditionMgr:1039 - genDependencies : Invalid condition id : LAN8742 Phy interface Condition cause : null
2023-12-20 16:55:30,071 [WARN] PackLoader:240 - Cannot read IP mode file for STMicroelectronics.X-CUBE-SFXS2LP1.4.0.0
2023-12-20 16:55:30,096 [WARN] PackLoader:240 - Cannot read IP mode file for STMicroelectronics.X-CUBE-ISPU.1.1.0
2023-12-20 16:55:30,131 [WARN] PackLoader:240 - Cannot read IP mode file for RoweBots.I-CUBE-UNISONRTOS.5.5.0-4
2023-12-20 16:55:30,186 [WARN] ConditionMgr:438 - getConditionDescription Invalid condition id : UX DEVICE CLASS RTOS Condition cause : null
2023-12-20 16:55:30,187 [WARN] ConditionMgr:438 - getConditionDescription Invalid condition id : UX DEVICE CLASS RTOS Condition cause : null
2023-12-20 16:55:30,193 [WARN] PackLoader:240 - Cannot read IP mode file for STMicroelectronics.X-CUBE-AZRTOS-WB.2.0.0
2023-12-20 16:55:30,194 [WARN] ConditionMgr:1039 - genDependencies : Invalid condition id : UX DEVICE CLASS RTOS Condition cause : null
2023-12-20 16:55:30,194 [WARN] ConditionMgr:1039 - genDependencies : Invalid condition id : UX DEVICE CLASS RTOS Condition cause : null
2023-12-20 16:55:30,195 [WARN] ConditionMgr:1039 - genDependencies : Invalid condition id : UX DEVICE CLASS RTOS Condition cause : null
2023-12-20 16:55:30,196 [WARN] ConditionMgr:1039 - genDependencies : Invalid condition id : UX DEVICE CLASS RTOS Condition cause : null
2023-12-20 16:55:30,197 [WARN] ConditionMgr:1039 - genDependencies : Invalid condition id : UX DEVICE CLASS RTOS Condition cause : null
2023-12-20 16:55:30,239 [WARN] PackLoader:240 - Cannot read IP mode file for STMicroelectronics.X-CUBE-SUBG2.5.0.0
2023-12-20 16:55:30,293 [WARN] PackLoader:240 - Cannot read IP mode file for STMicroelectronics.X-CUBE-TOF1.3.3.1
2023-12-20 16:55:30,387 [WARN] PackLoader:240 - Cannot read IP mode file for STMicroelectronics.X-CUBE-AZRTOS-G4.2.0.0
2023-12-20 16:55:30,446 [WARN] PackLoader:240 - Cannot read IP mode file for Infineon.AIROC-Wi-Fi-Bluetooth-STM32.1.5.1
2023-12-20 16:55:30,509 [WARN] PackLoader:240 - Cannot read IP mode file for STMicroelectronics.FP-SNS-MOTENVWB1.1.3.0
2023-12-20 16:55:30,545 [WARN] PackLoader:240 - Cannot read IP mode file for STMicroelectronics.FP-SNS-MOTENVWB1.1.3.1
2023-12-20 16:55:30,596 [WARN] PackLoader:240 - Cannot read IP mode file for STMicroelectronics.X-CUBE-AZRTOS-G4.1.0.0
2023-12-20 16:55:30,655 [WARN] PackLoader:240 - Cannot read IP mode file for STMicroelectronics.X-CUBE-AZRTOS-L4.1.0.0
2023-12-20 16:55:30,681 [WARN] PackLoader:240 - Cannot read IP mode file for STMicroelectronics.X-CUBE-ISPU.2.0.0
2023-12-20 16:55:30,773 [WARN] PackLoader:240 - Cannot read IP mode file for STMicroelectronics.X-CUBE-MEMS1.10.0.0
2023-12-20 16:55:30,800 [INFO] WebApp:157 - Instantiating new browser for Auth
2023-12-20 16:55:31,037 [WARN] PackLoader:240 - Cannot read IP mode file for STMicroelectronics.X-CUBE-FREERTOS.1.1.0
2023-12-20 16:55:31,097 [WARN] PackLoader:240 - Cannot read IP mode file for STMicroelectronics.X-CUBE-AZRTOS-F7.1.0.0
2023-12-20 16:55:31,197 [WARN] PackLoader:240 - Cannot read IP mode file for STMicroelectronics.X-CUBE-MEMS1.9.1.0
2023-12-20 16:55:31,321 [WARN] PackLoader:240 - Cannot read IP mode file for portGmbH.I-Cube-SoM-uGOAL.1.1.0
2023-12-20 16:55:31,344 [WARN] PackLoader:240 - Cannot read IP mode file for STMicroelectronics.X-CUBE-ALS.1.0.1
2023-12-20 16:55:31,364 [WARN] PackLoader:240 - Cannot read IP mode file for STMicroelectronics.X-CUBE-AI.7.0.0
2023-12-20 16:55:31,414 [WARN] PackLoader:240 - Cannot read IP mode file for STMicroelectronics.X-CUBE-AZRTOS-L5.1.0.0
2023-12-20 16:55:31,444 [WARN] PackLoader:240 - Cannot read IP mode file for STMicroelectronics.X-CUBE-EEPRMA1.3.1.0
2023-12-20 16:55:31,464 [WARN] PackLoader:240 - Cannot read IP mode file for STMicroelectronics.X-CUBE-GNSS1.5.2.0
2023-12-20 16:55:31,487 [WARN] PackLoader:240 - Cannot read IP mode file for STMicroelectronics.FP-ATR-ASTRA1.2.0.0
2023-12-20 16:55:31,521 [WARN] PackLoader:240 - Cannot read IP mode file for STMicroelectronics.X-CUBE-TOF1.3.4.0
2023-12-20 16:55:31,598 [WARN] PackLoader:240 - Cannot read IP mode file for STMicroelectronics.X-CUBE-AZRTOS-H7.3.2.0
2023-12-20 16:55:31,605 [INFO] ThirdParty:978 - Integrity check success = true
2023-12-20 16:55:31,606 [INFO] IntegrityCheckThread:100 - exiting critical section [integrity check]
2023-12-20 16:55:31,606 [INFO] IntegrityCheckThread:103 - End integrity checks thread
2023-12-20 16:55:31,937 [INFO] WebApp:753 - Register for checkConnection events
2023-12-20 16:55:31,938 [INFO] WebApp:390 - Apply proxy settings
2023-12-20 16:55:31,938 [INFO] WebApp:475 - Chromium requires no authentication
2023-12-20 16:55:31,953 [INFO] WebApp:418 - Direct internet connection detected
2023-12-20 16:55:32,277 [INFO] WebApp:188 - Starting web application
2023-12-20 16:55:32,277 [INFO] WebApp:520 - Web application path used C:\ST\STM32CubeIDE_1.13.2\STM32CubeIDE\plugins\com.st.stm32cube.common.mx_6.9.2.202309101412\db\plugins\mcufinder\reactClient1\index.html
2023-12-20 16:55:53,826 [ERROR] LogOutputStream:75 - [STDERR_REDIRECT] SLF4J: Failed to load class "org.slf4j.impl.StaticLoggerBinder".
2023-12-20 16:55:53,827 [ERROR] LogOutputStream:75 - [STDERR_REDIRECT] SLF4J: Defaulting to no-operation (NOP) logger implementation
2023-12-20 16:55:53,829 [ERROR] LogOutputStream:75 - [STDERR_REDIRECT] SLF4J: See http://www.slf4j.org/codes.html#StaticLoggerBinder for further details.
2023-12-20 19:25:35,280 [INFO] Activator:176 - 


2023-12-20 19:25:35,285 [INFO] Activator:177 - !SESSION log4j initialized
2023-12-20 19:25:43,131 [INFO] LogOutputStream:77 - [STDOUT_REDIRECT] 
2023-12-20 19:25:45,369 [INFO] ApplicationProperties:184 - Using Application install path: C:\ST\STM32CubeIDE_1.13.2\STM32CubeIDE\plugins\com.st.stm32cube.common.mx_6.9.2.202309101412
2023-12-20 19:25:45,395 [INFO] DbMcusXml:78 - Set database path to: C:\ST\STM32CubeIDE_1.13.2\STM32CubeIDE\plugins\com.st.stm32cube.common.mx_6.9.2.202309101412\\db\/mcu/
2023-12-20 19:25:45,396 [INFO] ApiDb:274 - Set plugin database path to: C:\ST\STM32CubeIDE_1.13.2\STM32CubeIDE\plugins\com.st.stm32cube.common.mx_6.9.2.202309101412\\db\/plugins/boardmanager/
2023-12-20 19:25:45,396 [WARN] ApiDb:259 - Overriding images path with different value:  => C:\ST\STM32CubeIDE_1.13.2\STM32CubeIDE\plugins\com.st.stm32cube.common.mx_6.9.2.202309101412\\db\/plugins/mcufinder/images/
2023-12-20 19:25:45,410 [INFO] ApiDb:250 - Set database path to: C:\Users\Hector\.stmcufinder\plugins\mcufinder//mcu/
2023-12-20 19:25:45,412 [INFO] DbMcusAds:125 - Set database path to: C:\Users\Hector\.stmcufinder\plugins\mcufinder//mcu/
2023-12-20 19:25:45,415 [INFO] CrossReferenceDbSqlite:203 - Set database path to: C:\Users\Hector\.stmcufinder\plugins\mcufinder//mcu/cs/
2023-12-20 19:25:45,570 [INFO] RulesReader:64 - Compatibility file has been processed (293 Rules)
2023-12-20 19:25:45,679 [INFO] DbMcusXml:78 - Set database path to: C:\ST\STM32CubeIDE_1.13.2\STM32CubeIDE\plugins\com.st.stm32cube.common.mx_6.9.2.202309101412\\db\/mcu/
2023-12-20 19:25:45,679 [INFO] ApiDb:274 - Set plugin database path to: C:\ST\STM32CubeIDE_1.13.2\STM32CubeIDE\plugins\com.st.stm32cube.common.mx_6.9.2.202309101412\\db\/plugins/boardmanager/
2023-12-20 19:25:45,679 [INFO] ApiDb:261 - Set plugin images path to: C:\ST\STM32CubeIDE_1.13.2\STM32CubeIDE\plugins\com.st.stm32cube.common.mx_6.9.2.202309101412\\db\/plugins/mcufinder/images/
2023-12-20 19:25:45,680 [WARN] DbFile:41 - Overriding database path with different value: C:\Users\Hector\.stmcufinder\plugins\mcufinder/ => C:\Users\Hector\.stmcufinder\plugins\mcufinder
2023-12-20 19:25:45,680 [INFO] ApiDb:250 - Set database path to: C:\Users\Hector\.stmcufinder\plugins\mcufinder//mcu/
2023-12-20 19:25:45,680 [WARN] DbFile:41 - Overriding database path with different value: C:\Users\Hector\.stmcufinder\plugins\mcufinder/ => C:\Users\Hector\.stmcufinder\plugins\mcufinder
2023-12-20 19:25:45,680 [INFO] DbMcusAds:125 - Set database path to: C:\Users\Hector\.stmcufinder\plugins\mcufinder//mcu/
2023-12-20 19:25:45,681 [WARN] DbFile:41 - Overriding database path with different value: C:\Users\Hector\.stmcufinder\plugins\mcufinder/ => C:\Users\Hector\.stmcufinder\plugins\mcufinder
2023-12-20 19:25:45,681 [WARN] DbFile:41 - Overriding database path with different value: C:\Users\Hector\.stmcufinder\plugins\mcufinder/ => C:\Users\Hector\.stmcufinder\plugins\mcufinder
2023-12-20 19:25:45,681 [INFO] CrossReferenceDbSqlite:203 - Set database path to: C:\Users\Hector\.stmcufinder\plugins\mcufinder//mcu/cs/
2023-12-20 19:25:45,794 [INFO] MainPanel:262 - HeapMemory: 268435456
2023-12-20 19:25:45,916 [INFO] DbMcusXml:78 - Set database path to: C:\ST\STM32CubeIDE_1.13.2\STM32CubeIDE\plugins\com.st.stm32cube.common.mx_6.9.2.202309101412\\db\/mcu/
2023-12-20 19:25:45,916 [INFO] ApiDb:274 - Set plugin database path to: C:\ST\STM32CubeIDE_1.13.2\STM32CubeIDE\plugins\com.st.stm32cube.common.mx_6.9.2.202309101412\\db\/plugins/boardmanager/
2023-12-20 19:25:45,916 [INFO] ApiDb:261 - Set plugin images path to: C:\ST\STM32CubeIDE_1.13.2\STM32CubeIDE\plugins\com.st.stm32cube.common.mx_6.9.2.202309101412\\db\/plugins/mcufinder/images/
2023-12-20 19:25:45,917 [WARN] DbFile:41 - Overriding database path with different value: C:\Users\Hector\.stmcufinder\plugins\mcufinder/ => C:\Users\Hector\.stmcufinder\plugins\mcufinder
2023-12-20 19:25:45,917 [INFO] ApiDb:250 - Set database path to: C:\Users\Hector\.stmcufinder\plugins\mcufinder//mcu/
2023-12-20 19:25:45,917 [WARN] DbFile:41 - Overriding database path with different value: C:\Users\Hector\.stmcufinder\plugins\mcufinder/ => C:\Users\Hector\.stmcufinder\plugins\mcufinder
2023-12-20 19:25:45,917 [INFO] DbMcusAds:125 - Set database path to: C:\Users\Hector\.stmcufinder\plugins\mcufinder//mcu/
2023-12-20 19:25:45,917 [WARN] DbFile:41 - Overriding database path with different value: C:\Users\Hector\.stmcufinder\plugins\mcufinder/ => C:\Users\Hector\.stmcufinder\plugins\mcufinder
2023-12-20 19:25:45,917 [WARN] DbFile:41 - Overriding database path with different value: C:\Users\Hector\.stmcufinder\plugins\mcufinder/ => C:\Users\Hector\.stmcufinder\plugins\mcufinder
2023-12-20 19:25:45,917 [INFO] CrossReferenceDbSqlite:203 - Set database path to: C:\Users\Hector\.stmcufinder\plugins\mcufinder//mcu/cs/
2023-12-20 19:25:45,942 [INFO] ApplicationProperties:184 - Using Application install path: C:\ST\STM32CubeIDE_1.13.2\STM32CubeIDE\plugins\com.st.stm32cube.common.mx_6.9.2.202309101412
2023-12-20 19:25:45,944 [INFO] PluginManage:196 - Search for loadable plugins [exclusion list=, ]
2023-12-20 19:25:45,946 [INFO] PluginManage:310 - Check plugin analytics
2023-12-20 19:25:46,193 [INFO] AnalyticsPlugin:253 - Accepted Software Licenses: STM32CubeMX.6.4.0
2023-12-20 19:25:46,194 [INFO] AnalyticsPlugin:255 - Accepted CMSIS Pack Licenses: 
2023-12-20 19:25:46,194 [INFO] AnalyticsPlugin:257 - Accepted Firmware Licenses: FW.F4.1.27.0
2023-12-20 19:25:46,199 [INFO] PluginManage:359 - Loaded plugin analytics (category:tool,tabindex:-1)
2023-12-20 19:25:46,200 [INFO] PluginManage:310 - Check plugin cadmodel
2023-12-20 19:25:46,207 [INFO] CADModel:105 - Init CAD model plugin
2023-12-20 19:25:46,207 [INFO] PluginManage:359 - Loaded plugin cadmodel (category:power,tabindex:5)
2023-12-20 19:25:46,208 [INFO] PluginManage:310 - Check plugin clock
2023-12-20 19:25:46,222 [INFO] PluginManage:359 - Loaded plugin clock (category:base,tabindex:2)
2023-12-20 19:25:46,222 [INFO] PluginManage:310 - Check plugin ddr
2023-12-20 19:25:46,226 [INFO] PluginManage:359 - Loaded plugin ddr (category:tool,tabindex:6)
2023-12-20 19:25:46,226 [INFO] PluginManage:310 - Check plugin filemanager
2023-12-20 19:25:46,442 [INFO] PluginManage:359 - Loaded plugin filemanager (category:base,tabindex:10)
2023-12-20 19:25:46,442 [INFO] PluginManage:310 - Check plugin ipmanager
2023-12-20 19:25:46,452 [INFO] PluginManage:359 - Loaded plugin ipmanager (category:base,tabindex:5)
2023-12-20 19:25:46,452 [INFO] PluginManage:310 - Check plugin lpbam
2023-12-20 19:25:46,468 [INFO] PluginManage:359 - Loaded plugin lpbam (category:base,tabindex:0)
2023-12-20 19:25:46,468 [INFO] PluginManage:310 - Check plugin memorymap
2023-12-20 19:25:46,488 [INFO] PluginManage:359 - Loaded plugin memorymap (category:base,tabindex:4)
2023-12-20 19:25:46,488 [INFO] PluginManage:310 - Check plugin pinoutandconfiguration
2023-12-20 19:25:46,500 [INFO] PluginManage:359 - Loaded plugin pinoutandconfiguration (category:base,tabindex:1)
2023-12-20 19:25:46,500 [INFO] PluginManage:310 - Check plugin pinoutconfig
2023-12-20 19:25:46,652 [WARN] SupportedApi:132 - Cannot load RTOS API schema: s4s-elt-must-match.1: The content of 'definitions' must match (annotation?, (simpleType | complexType)?, (unique | key | keyref)*)). A problem was found starting at: attribute.
2023-12-20 19:25:46,836 [INFO] PluginManage:359 - Loaded plugin pinoutconfig (category:base,tabindex:0)
2023-12-20 19:25:46,836 [INFO] PluginManage:310 - Check plugin power
2023-12-20 19:25:46,856 [INFO] PluginManage:359 - Loaded plugin power (category:power,tabindex:4)
2023-12-20 19:25:46,856 [INFO] PluginManage:310 - Check plugin projectmanager
2023-12-20 19:25:46,880 [INFO] PluginManage:359 - Loaded plugin projectmanager (category:projectmanager,tabindex:3)
2023-12-20 19:25:46,884 [INFO] PluginManage:310 - Check plugin thirdparty
2023-12-20 19:25:47,064 [INFO] PluginManage:359 - Loaded plugin thirdparty (category:base,tabindex:-1)
2023-12-20 19:25:47,064 [WARN] IntegrityCheckThread:84 - waiting for thirdparty lock release [integrity check]
2023-12-20 19:25:47,064 [INFO] PluginManage:310 - Check plugin tools
2023-12-20 19:25:47,064 [INFO] IntegrityCheckThread:86 - entering critical section [integrity check]
2023-12-20 19:25:47,065 [INFO] ThirdPartyUpdaterWithRetryManager:70 - Updater plugin not ready yet. [1/15]
2023-12-20 19:25:47,069 [INFO] PluginManage:359 - Loaded plugin tools (category:base,tabindex:7)
2023-12-20 19:25:47,069 [INFO] PluginManage:310 - Check plugin tutovideos
2023-12-20 19:25:47,272 [INFO] PluginManage:359 - Loaded plugin tutovideos (category:base,tabindex:-1)
2023-12-20 19:25:47,272 [INFO] PluginManage:310 - Check plugin updater
2023-12-20 19:25:47,292 [INFO] PluginManage:359 - Loaded plugin updater (category:base,tabindex:12)
2023-12-20 19:25:47,292 [INFO] PluginManage:310 - Check plugin userauth
2023-12-20 19:25:47,296 [INFO] UserAuth:113 - Init User Auth plugin
2023-12-20 19:25:47,300 [INFO] PluginManage:359 - Loaded plugin userauth (category:base,tabindex:14)
2023-12-20 19:25:47,300 [INFO] PluginManage:283 - PluginManage : Loaded plugins [17]
2023-12-20 19:25:47,597 [INFO] PinOutPanel:1499 - setPackage(No Configuration,No Configuration)
2023-12-20 19:25:47,769 [INFO] CADModel:165 - CPN selected for project level
2023-12-20 19:25:47,769 [INFO] CADModel:114 - Register for checkConnection events
2023-12-20 19:25:47,793 [INFO] IPUIPlugin:80 - create IPUIPlugin
2023-12-20 19:25:47,793 [INFO] PluginManager:220 - loadIPPluginJar : add adc
2023-12-20 19:25:47,795 [INFO] IPUIPlugin:80 - create IPUIPlugin
2023-12-20 19:25:47,795 [INFO] PluginManager:220 - loadIPPluginJar : add aes
2023-12-20 19:25:47,803 [INFO] IPUIPlugin:80 - create IPUIPlugin
2023-12-20 19:25:47,803 [INFO] PluginManager:220 - loadIPPluginJar : add can
2023-12-20 19:25:47,807 [INFO] IPUIPlugin:80 - create IPUIPlugin
2023-12-20 19:25:47,807 [INFO] PluginManager:220 - loadIPPluginJar : add comp
2023-12-20 19:25:47,811 [INFO] IPUIPlugin:80 - create IPUIPlugin
2023-12-20 19:25:47,811 [INFO] PluginManager:220 - loadIPPluginJar : add cryp
2023-12-20 19:25:47,815 [INFO] IPUIPlugin:80 - create IPUIPlugin
2023-12-20 19:25:47,815 [INFO] PluginManager:220 - loadIPPluginJar : add dfsdm
2023-12-20 19:25:47,823 [INFO] IPUIPlugin:80 - create IPUIPlugin
2023-12-20 19:25:47,823 [INFO] PluginManager:220 - loadIPPluginJar : add dma
2023-12-20 19:25:47,827 [INFO] IPUIPlugin:80 - create IPUIPlugin
2023-12-20 19:25:47,827 [INFO] PluginManager:220 - loadIPPluginJar : add dma3
2023-12-20 19:25:47,831 [INFO] IPUIPlugin:80 - create IPUIPlugin
2023-12-20 19:25:47,831 [INFO] PluginManager:220 - loadIPPluginJar : add fatfs
2023-12-20 19:25:47,835 [INFO] IPUIPlugin:80 - create IPUIPlugin
2023-12-20 19:25:47,835 [INFO] PluginManager:220 - loadIPPluginJar : add fmc
2023-12-20 19:25:47,843 [INFO] IPUIPlugin:80 - create IPUIPlugin
2023-12-20 19:25:47,843 [INFO] PluginManager:220 - loadIPPluginJar : add freertos
2023-12-20 19:25:47,847 [INFO] IPUIPlugin:80 - create IPUIPlugin
2023-12-20 19:25:47,847 [INFO] PluginManager:220 - loadIPPluginJar : add genericplugin
2023-12-20 19:25:47,847 [INFO] IPUIPlugin:80 - create IPUIPlugin
2023-12-20 19:25:47,847 [INFO] PluginManager:220 - loadIPPluginJar : add gfxmmu
2023-12-20 19:25:47,856 [INFO] IPUIPlugin:80 - create IPUIPlugin
2023-12-20 19:25:47,856 [INFO] PluginManager:220 - loadIPPluginJar : add gic
2023-12-20 19:25:47,860 [INFO] IPUIPlugin:80 - create IPUIPlugin
2023-12-20 19:25:47,860 [INFO] PluginManager:220 - loadIPPluginJar : add gpio
2023-12-20 19:25:47,864 [INFO] IPUIPlugin:80 - create IPUIPlugin
2023-12-20 19:25:47,864 [INFO] PluginManager:220 - loadIPPluginJar : add gtzc
2023-12-20 19:25:47,868 [INFO] IPUIPlugin:80 - create IPUIPlugin
2023-12-20 19:25:47,872 [INFO] PluginManager:220 - loadIPPluginJar : add hash
2023-12-20 19:25:47,876 [INFO] IPUIPlugin:80 - create IPUIPlugin
2023-12-20 19:25:47,876 [INFO] PluginManager:220 - loadIPPluginJar : add i2c
2023-12-20 19:25:47,880 [INFO] IPUIPlugin:80 - create IPUIPlugin
2023-12-20 19:25:47,880 [INFO] PluginManager:220 - loadIPPluginJar : add i2s
2023-12-20 19:25:47,888 [INFO] IPUIPlugin:80 - create IPUIPlugin
2023-12-20 19:25:47,888 [INFO] PluginManager:220 - loadIPPluginJar : add i3c
2023-12-20 19:25:47,892 [INFO] IPUIPlugin:80 - create IPUIPlugin
2023-12-20 19:25:47,892 [INFO] PluginManager:220 - loadIPPluginJar : add ipddr
2023-12-20 19:25:47,904 [INFO] IPUIPlugin:80 - create IPUIPlugin
2023-12-20 19:25:47,904 [INFO] PluginManager:220 - loadIPPluginJar : add linkedlist
2023-12-20 19:25:47,908 [INFO] IPUIPlugin:80 - create IPUIPlugin
2023-12-20 19:25:47,908 [INFO] PluginManager:220 - loadIPPluginJar : add lorawan
2023-12-20 19:25:47,912 [INFO] IPUIPlugin:80 - create IPUIPlugin
2023-12-20 19:25:47,912 [INFO] PluginManager:220 - loadIPPluginJar : add ltdc
2023-12-20 19:25:47,920 [INFO] IPUIPlugin:80 - create IPUIPlugin
2023-12-20 19:25:47,920 [INFO] PluginManager:220 - loadIPPluginJar : add mdma
2023-12-20 19:25:47,928 [INFO] IPUIPlugin:80 - create IPUIPlugin
2023-12-20 19:25:47,928 [INFO] PluginManager:220 - loadIPPluginJar : add nvic
2023-12-20 19:25:47,932 [INFO] IPUIPlugin:80 - create IPUIPlugin
2023-12-20 19:25:47,932 [INFO] PluginManager:220 - loadIPPluginJar : add opamp
2023-12-20 19:25:47,936 [INFO] IPUIPlugin:80 - create IPUIPlugin
2023-12-20 19:25:47,936 [INFO] PluginManager:220 - loadIPPluginJar : add openamp
2023-12-20 19:25:47,940 [INFO] IPUIPlugin:80 - create IPUIPlugin
2023-12-20 19:25:47,945 [INFO] PluginManager:220 - loadIPPluginJar : add pdm2pcm
2023-12-20 19:25:47,953 [INFO] IPUIPlugin:80 - create IPUIPlugin
2023-12-20 19:25:47,960 [INFO] PluginManager:220 - loadIPPluginJar : add plateformsettings
2023-12-20 19:25:47,964 [INFO] IPUIPlugin:80 - create IPUIPlugin
2023-12-20 19:25:47,964 [INFO] PluginManager:220 - loadIPPluginJar : add quadspi
2023-12-20 19:25:47,968 [INFO] IPUIPlugin:80 - create IPUIPlugin
2023-12-20 19:25:47,968 [INFO] PluginManager:220 - loadIPPluginJar : add resmgrutility
2023-12-20 19:25:47,972 [INFO] IPUIPlugin:80 - create IPUIPlugin
2023-12-20 19:25:47,972 [INFO] PluginManager:220 - loadIPPluginJar : add sai
2023-12-20 19:25:47,976 [INFO] IPUIPlugin:80 - create IPUIPlugin
2023-12-20 19:25:47,976 [INFO] PluginManager:220 - loadIPPluginJar : add spi
2023-12-20 19:25:47,984 [INFO] IPUIPlugin:80 - create IPUIPlugin
2023-12-20 19:25:47,984 [INFO] PluginManager:220 - loadIPPluginJar : add stm32_wpan
2023-12-20 19:25:47,988 [INFO] IPUIPlugin:80 - create IPUIPlugin
2023-12-20 19:25:47,988 [INFO] PluginManager:220 - loadIPPluginJar : add tim
2023-12-20 19:25:47,992 [INFO] IPUIPlugin:80 - create IPUIPlugin
2023-12-20 19:25:47,992 [INFO] PluginManager:220 - loadIPPluginJar : add touchsensing
2023-12-20 19:25:47,996 [INFO] IPUIPlugin:80 - create IPUIPlugin
2023-12-20 19:25:47,996 [INFO] PluginManager:220 - loadIPPluginJar : add tracer_emb
2023-12-20 19:25:48,000 [INFO] IPUIPlugin:80 - create IPUIPlugin
2023-12-20 19:25:48,000 [INFO] PluginManager:220 - loadIPPluginJar : add ts
2023-12-20 19:25:48,000 [INFO] IPUIPlugin:80 - create IPUIPlugin
2023-12-20 19:25:48,000 [INFO] PluginManager:220 - loadIPPluginJar : add tsc
2023-12-20 19:25:48,004 [INFO] IPUIPlugin:80 - create IPUIPlugin
2023-12-20 19:25:48,004 [INFO] PluginManager:220 - loadIPPluginJar : add ucpd
2023-12-20 19:25:48,008 [INFO] IPUIPlugin:80 - create IPUIPlugin
2023-12-20 19:25:48,008 [INFO] PluginManager:220 - loadIPPluginJar : add usart
2023-12-20 19:25:48,016 [INFO] IPUIPlugin:80 - create IPUIPlugin
2023-12-20 19:25:48,016 [INFO] PluginManager:220 - loadIPPluginJar : add usbx
2023-12-20 19:25:48,171 [INFO] CADModel:165 - CPN selected for project level
2023-12-20 19:25:48,171 [INFO] CADModel:114 - Register for checkConnection events
2023-12-20 19:25:48,171 [FATAL] Updater:308 - Updater called before beeing initialized
2023-12-20 19:25:48,171 [ERROR] CADModel:125 - Updater not yet initialized, retry later 
2023-12-20 19:25:48,408 [INFO] CADModel:165 - CPN selected for project level
2023-12-20 19:25:48,408 [INFO] CADModel:114 - Register for checkConnection events
2023-12-20 19:25:48,408 [FATAL] Updater:308 - Updater called before beeing initialized
2023-12-20 19:25:48,408 [ERROR] CADModel:125 - Updater not yet initialized, retry later 
2023-12-20 19:25:48,412 [FATAL] Updater:308 - Updater called before beeing initialized
2023-12-20 19:25:48,580 [FATAL] Updater:308 - Updater called before beeing initialized
2023-12-20 19:25:48,588 [INFO] DbMcusAds:53 - JSON generation date=Wed Nov 29 11:52:27 CET 2023 (1701255147349)
2023-12-20 19:25:48,588 [FATAL] Updater:308 - Updater called before beeing initialized
2023-12-20 19:25:48,637 [WARN] DetailPanel:346 - Failed to get advertising image, set to default
2023-12-20 19:25:48,756 [FATAL] Updater:308 - Updater called before beeing initialized
2023-12-20 19:25:48,756 [FATAL] Updater:308 - Updater called before beeing initialized
2023-12-20 19:25:48,756 [FATAL] Updater:308 - Updater called before beeing initialized
2023-12-20 19:25:48,756 [WARN] DetailPanel:346 - Failed to get advertising image, set to default
2023-12-20 19:25:48,760 [FATAL] Updater:308 - Updater called before beeing initialized
2023-12-20 19:25:48,838 [ERROR] Updater:1120 - MainUpdater not yet initialized. External WinMGr cannot be set.
2023-12-20 19:25:48,838 [INFO] Updater:1056 - Updater Version found : 6.9.2
2023-12-20 19:25:48,874 [INFO] ApplicationProperties:184 - Using Application install path: C:\ST\STM32CubeIDE_1.13.2\STM32CubeIDE\plugins\com.st.stm32cube.common.mx_6.9.2.202309101412
2023-12-20 19:25:49,109 [INFO] MainUpdater:2868 - connection check result : 10
2023-12-20 19:25:49,109 [INFO] MainUpdater:285 - Updater Check For Update Now.
2023-12-20 19:25:49,109 [INFO] MicroXplorer:498 - Change Database Version : DB.6.0.92
2023-12-20 19:25:49,130 [INFO] McuFinderGlobals:63 - Set McuFinder mode to 2 (CubeIDE integrated)
2023-12-20 19:25:49,130 [INFO] UserAuth:179 - activating auth plugin
2023-12-20 19:25:49,135 [INFO] UserAuth:393 - Internet connection configuration mode: 1
2023-12-20 19:25:49,162 [INFO] JxBrowserEngine:151 - Initiate JxBrowser Engine with user profile folder
2023-12-20 19:25:49,369 [INFO] CheckServerUpdateThread:120 - End of CheckServer Thread
2023-12-20 19:25:50,404 [INFO] WebApp:157 - Instantiating new browser for Auth
2023-12-20 19:25:50,482 [WARN] PackLoader:240 - Cannot read IP mode file for STMicroelectronics.X-CUBE-SMBUS.2.1.0
2023-12-20 19:25:50,507 [WARN] PackLoader:240 - Cannot read IP mode file for STMicroelectronics.X-CUBE-TOUCHGFX.4.23.0
2023-12-20 19:25:50,581 [WARN] PackLoader:240 - Cannot read IP mode file for STMicroelectronics.X-CUBE-AZRTOS-F7.1.1.0
2023-12-20 19:25:50,625 [WARN] PackLoader:240 - Cannot read IP mode file for STMicroelectronics.FP-SNS-MOTENV1.4.3.2
2023-12-20 19:25:50,658 [WARN] PackLoader:240 - Cannot read IP mode file for STMicroelectronics.X-CUBE-BLE1.6.2.2
2023-12-20 19:25:50,670 [WARN] PackLoader:240 - Cannot read IP mode file for STMicroelectronics.FP-SNS-FLIGHT1.5.0.2
2023-12-20 19:25:50,687 [WARN] PackLoader:240 - Cannot read IP mode file for STMicroelectronics.X-CUBE-BLE2.3.2.2
2023-12-20 19:25:50,717 [WARN] PackLoader:240 - Cannot read IP mode file for STMicroelectronics.X-CUBE-DISPLAY.3.0.0
2023-12-20 19:25:50,751 [WARN] PackLoader:240 - Cannot read IP mode file for STMicroelectronics.X-CUBE-BLE1.7.0.0
2023-12-20 19:25:50,766 [WARN] PackLoader:240 - Cannot read IP mode file for emotas.I-CUBE-CANOPEN.1.3.0
2023-12-20 19:25:50,770 [WARN] PackLoader:240 - Cannot read IP mode file for STMicroelectronics.X-CUBE-TOUCHGFX.4.22.1
2023-12-20 19:25:50,796 [WARN] PackLoader:240 - Cannot read IP mode file for STMicroelectronics.X-CUBE-SUBG2.4.2.0
2023-12-20 19:25:50,811 [WARN] PackLoader:240 - Cannot read IP mode file for STMicroelectronics.FP-SNS-SMARTAG2.1.2.0
2023-12-20 19:25:50,832 [INFO] LogOutputStream:77 - [STDOUT_REDIRECT] 1 : Invalid condition id : UX_CORESTACK_Condition cause : null
2023-12-20 19:25:50,836 [INFO] LogOutputStream:77 - [STDOUT_REDIRECT] 1 : Invalid condition id : UX_CORESTACK_Condition cause : null
2023-12-20 19:25:50,836 [INFO] LogOutputStream:77 - [STDOUT_REDIRECT] 1 : Invalid condition id : UX_CORESTACK_Condition cause : null
2023-12-20 19:25:50,840 [INFO] LogOutputStream:77 - [STDOUT_REDIRECT] 1 : Invalid condition id : UX_CORESTACK_Condition cause : null
2023-12-20 19:25:50,840 [INFO] LogOutputStream:77 - [STDOUT_REDIRECT] 1 : Invalid condition id : UX_CORESTACK_Condition cause : null
2023-12-20 19:25:50,853 [WARN] PackLoader:240 - Cannot read IP mode file for STMicroelectronics.X-CUBE-AZRTOS-WL.2.0.0
2023-12-20 19:25:50,869 [WARN] PackLoader:240 - Cannot read IP mode file for STMicroelectronics.X-CUBE-ALGOBUILD.1.2.1
2023-12-20 19:25:50,881 [WARN] PackLoader:240 - Cannot read IP mode file for WES.I-CUBE-Cesium.1.3.0
2023-12-20 19:25:50,890 [WARN] PackLoader:240 - Cannot read IP mode file for STMicroelectronics.X-CUBE-BLE2.3.3.0
2023-12-20 19:25:50,901 [WARN] PackLoader:240 - Cannot read IP mode file for STMicroelectronics.X-CUBE-TOUCHGFX.4.18.1
2023-12-20 19:25:50,909 [WARN] PackLoader:240 - Cannot read IP mode file for wolfSSL.I-CUBE-wolfSSL.5.0.0
2023-12-20 19:25:50,917 [WARN] PackLoader:240 - Cannot read IP mode file for STMicroelectronics.X-CUBE-ALGOBUILD.1.3.0
2023-12-20 19:25:50,973 [WARN] PackLoader:240 - Cannot read IP mode file for STMicroelectronics.X-CUBE-AZRTOS-G0.1.1.0
2023-12-20 19:25:50,989 [WARN] PackLoader:240 - Cannot read IP mode file for STMicroelectronics.X-CUBE-NFC4.3.0.0
2023-12-20 19:25:51,085 [WARN] PackLoader:240 - Cannot read IP mode file for SEGGER.I-CUBE-embOS.1.2.0
2023-12-20 19:25:51,207 [WARN] PackLoader:240 - Cannot read IP mode file for STMicroelectronics.X-CUBE-BLEMGR.3.0.0
2023-12-20 19:25:51,249 [WARN] PackLoader:240 - Cannot read IP mode file for STMicroelectronics.X-CUBE-AZRTOS-H7.2.0.0
2023-12-20 19:25:51,267 [WARN] PackLoader:240 - Cannot read IP mode file for STMicroelectronics.FP-ATR-SIGFOX1.3.2.0
2023-12-20 19:25:51,277 [WARN] PackLoader:240 - Cannot read IP mode file for STMicroelectronics.X-CUBE-DISPLAY.2.0.0
2023-12-20 19:25:51,289 [WARN] PackLoader:240 - Cannot read IP mode file for STMicroelectronics.X-CUBE-GNSS1.6.0.0
2023-12-20 19:25:51,321 [WARN] PackLoader:240 - Cannot read IP mode file for STMicroelectronics.X-CUBE-AZRTOS-F4.1.1.0
2023-12-20 19:25:51,358 [WARN] PackLoader:240 - Cannot read IP mode file for STMicroelectronics.X-CUBE-AZRTOS-L5.2.0.0
2023-12-20 19:25:51,374 [WARN] PackLoader:240 - Cannot read IP mode file for STMicroelectronics.X-CUBE-EEPRMA1.4.2.0
2023-12-20 19:25:51,388 [WARN] PackLoader:240 - Cannot read IP mode file for ITTIA_DB.I-CUBE-ITTIADB.8.8.0
2023-12-20 19:25:51,398 [WARN] PackLoader:240 - Cannot read IP mode file for STMicroelectronics.X-CUBE-NFC4.2.0.3
2023-12-20 19:25:51,433 [WARN] ConditionMgr:438 - getConditionDescription Invalid condition id : UX DEVICE CLASS RTOS Condition cause : null
2023-12-20 19:25:51,433 [WARN] ConditionMgr:438 - getConditionDescription Invalid condition id : UX DEVICE CLASS RTOS Condition cause : null
2023-12-20 19:25:51,452 [WARN] PackLoader:240 - Cannot read IP mode file for STMicroelectronics.X-CUBE-AZRTOS-H7.3.1.0
2023-12-20 19:25:51,453 [WARN] ConditionMgr:1039 - genDependencies : Invalid condition id : UX DEVICE CLASS RTOS Condition cause : null
2023-12-20 19:25:51,453 [WARN] ConditionMgr:1039 - genDependencies : Invalid condition id : UX DEVICE CLASS RTOS Condition cause : null
2023-12-20 19:25:51,456 [WARN] ConditionMgr:1039 - genDependencies : Invalid condition id : UX DEVICE CLASS RTOS Condition cause : null
2023-12-20 19:25:51,458 [WARN] ConditionMgr:1039 - genDependencies : Invalid condition id : UX DEVICE CLASS RTOS Condition cause : null
2023-12-20 19:25:51,458 [WARN] ConditionMgr:1039 - genDependencies : Invalid condition id : UX DEVICE CLASS RTOS Condition cause : null
2023-12-20 19:25:51,471 [WARN] PackLoader:240 - Cannot read IP mode file for STMicroelectronics.X-CUBE-SFXS2LP1.3.1.0
2023-12-20 19:25:51,502 [WARN] PackLoader:240 - Cannot read IP mode file for STMicroelectronics.X-CUBE-AZRTOS-F4.1.0.0
2023-12-20 19:25:51,518 [WARN] PackLoader:240 - Cannot read IP mode file for STMicroelectronics.X-CUBE-TOF1.2.0.0
2023-12-20 19:25:51,531 [WARN] PackLoader:240 - Cannot read IP mode file for STMicroelectronics.X-CUBE-NFC7.1.0.1
2023-12-20 19:25:51,539 [WARN] PackLoader:240 - Cannot read IP mode file for STMicroelectronics.X-CUBE-NFC6.3.0.0
2023-12-20 19:25:51,553 [WARN] PackLoader:240 - Cannot read IP mode file for STMicroelectronics.X-CUBE-AI.8.1.0
2023-12-20 19:25:51,579 [WARN] ConditionMgr:438 - getConditionDescription Invalid condition id : LAN8742 Phy interface Condition cause : null
2023-12-20 19:25:51,583 [WARN] PackLoader:240 - Cannot read IP mode file for STMicroelectronics.X-CUBE-AZRTOS-L4.2.0.0
2023-12-20 19:25:51,583 [WARN] ConditionMgr:1039 - genDependencies : Invalid condition id : LAN8742 Phy interface Condition cause : null
2023-12-20 19:25:51,583 [WARN] ConditionMgr:1039 - genDependencies : Invalid condition id : LAN8742 Phy interface Condition cause : null
2023-12-20 19:25:51,583 [WARN] ConditionMgr:1039 - genDependencies : Invalid condition id : LAN8742 Phy interface Condition cause : null
2023-12-20 19:25:51,594 [WARN] PackLoader:240 - Cannot read IP mode file for STMicroelectronics.X-CUBE-SFXS2LP1.4.0.0
2023-12-20 19:25:51,607 [WARN] PackLoader:240 - Cannot read IP mode file for STMicroelectronics.X-CUBE-ISPU.1.1.0
2023-12-20 19:25:51,621 [WARN] PackLoader:240 - Cannot read IP mode file for RoweBots.I-CUBE-UNISONRTOS.5.5.0-4
2023-12-20 19:25:51,645 [WARN] ConditionMgr:438 - getConditionDescription Invalid condition id : UX DEVICE CLASS RTOS Condition cause : null
2023-12-20 19:25:51,645 [WARN] ConditionMgr:438 - getConditionDescription Invalid condition id : UX DEVICE CLASS RTOS Condition cause : null
2023-12-20 19:25:51,647 [WARN] PackLoader:240 - Cannot read IP mode file for STMicroelectronics.X-CUBE-AZRTOS-WB.2.0.0
2023-12-20 19:25:51,652 [WARN] ConditionMgr:1039 - genDependencies : Invalid condition id : UX DEVICE CLASS RTOS Condition cause : null
2023-12-20 19:25:51,652 [WARN] ConditionMgr:1039 - genDependencies : Invalid condition id : UX DEVICE CLASS RTOS Condition cause : null
2023-12-20 19:25:51,652 [WARN] ConditionMgr:1039 - genDependencies : Invalid condition id : UX DEVICE CLASS RTOS Condition cause : null
2023-12-20 19:25:51,652 [WARN] ConditionMgr:1039 - genDependencies : Invalid condition id : UX DEVICE CLASS RTOS Condition cause : null
2023-12-20 19:25:51,652 [WARN] ConditionMgr:1039 - genDependencies : Invalid condition id : UX DEVICE CLASS RTOS Condition cause : null
2023-12-20 19:25:51,667 [WARN] PackLoader:240 - Cannot read IP mode file for STMicroelectronics.X-CUBE-SUBG2.5.0.0
2023-12-20 19:25:51,690 [WARN] PackLoader:240 - Cannot read IP mode file for STMicroelectronics.X-CUBE-TOF1.3.3.1
2023-12-20 19:25:51,710 [INFO] WebApp:753 - Register for checkConnection events
2023-12-20 19:25:51,714 [INFO] WebApp:390 - Apply proxy settings
2023-12-20 19:25:51,714 [INFO] WebApp:475 - Chromium requires no authentication
2023-12-20 19:25:51,722 [WARN] PackLoader:240 - Cannot read IP mode file for STMicroelectronics.X-CUBE-AZRTOS-G4.2.0.0
2023-12-20 19:25:51,731 [INFO] WebApp:418 - Direct internet connection detected
2023-12-20 19:25:51,744 [WARN] PackLoader:240 - Cannot read IP mode file for Infineon.AIROC-Wi-Fi-Bluetooth-STM32.1.5.1
2023-12-20 19:25:51,754 [WARN] PackLoader:240 - Cannot read IP mode file for STMicroelectronics.FP-SNS-MOTENVWB1.1.3.0
2023-12-20 19:25:51,762 [WARN] PackLoader:240 - Cannot read IP mode file for STMicroelectronics.FP-SNS-MOTENVWB1.1.3.1
2023-12-20 19:25:51,779 [WARN] PackLoader:240 - Cannot read IP mode file for STMicroelectronics.X-CUBE-AZRTOS-G4.1.0.0
2023-12-20 19:25:51,825 [WARN] PackLoader:240 - Cannot read IP mode file for STMicroelectronics.X-CUBE-AZRTOS-L4.1.0.0
2023-12-20 19:25:51,841 [WARN] PackLoader:240 - Cannot read IP mode file for STMicroelectronics.X-CUBE-ISPU.2.0.0
2023-12-20 19:25:51,893 [WARN] PackLoader:240 - Cannot read IP mode file for STMicroelectronics.X-CUBE-MEMS1.10.0.0
2023-12-20 19:25:52,086 [WARN] PackLoader:240 - Cannot read IP mode file for STMicroelectronics.X-CUBE-FREERTOS.1.1.0
2023-12-20 19:25:52,108 [WARN] PackLoader:240 - Cannot read IP mode file for STMicroelectronics.X-CUBE-AZRTOS-F7.1.0.0
2023-12-20 19:25:52,120 [INFO] WebApp:188 - Starting web application
2023-12-20 19:25:52,120 [INFO] WebApp:520 - Web application path used C:\ST\STM32CubeIDE_1.13.2\STM32CubeIDE\plugins\com.st.stm32cube.common.mx_6.9.2.202309101412\db\plugins\mcufinder\reactClient1\index.html
2023-12-20 19:25:52,171 [WARN] PackLoader:240 - Cannot read IP mode file for STMicroelectronics.X-CUBE-MEMS1.9.1.0
2023-12-20 19:25:52,335 [WARN] PackLoader:240 - Cannot read IP mode file for portGmbH.I-Cube-SoM-uGOAL.1.1.0
2023-12-20 19:25:52,344 [WARN] PackLoader:240 - Cannot read IP mode file for STMicroelectronics.X-CUBE-ALS.1.0.1
2023-12-20 19:25:52,352 [WARN] PackLoader:240 - Cannot read IP mode file for STMicroelectronics.X-CUBE-AI.7.0.0
2023-12-20 19:25:52,383 [WARN] PackLoader:240 - Cannot read IP mode file for STMicroelectronics.X-CUBE-AZRTOS-L5.1.0.0
2023-12-20 19:25:52,391 [WARN] PackLoader:240 - Cannot read IP mode file for STMicroelectronics.X-CUBE-EEPRMA1.3.1.0
2023-12-20 19:25:52,403 [WARN] PackLoader:240 - Cannot read IP mode file for STMicroelectronics.X-CUBE-GNSS1.5.2.0
2023-12-20 19:25:52,413 [WARN] PackLoader:240 - Cannot read IP mode file for STMicroelectronics.FP-ATR-ASTRA1.2.0.0
2023-12-20 19:25:52,435 [WARN] PackLoader:240 - Cannot read IP mode file for STMicroelectronics.X-CUBE-TOF1.3.4.0
2023-12-20 19:25:52,502 [WARN] PackLoader:240 - Cannot read IP mode file for STMicroelectronics.X-CUBE-AZRTOS-H7.3.2.0
2023-12-20 19:25:52,520 [INFO] ThirdParty:978 - Integrity check success = true
2023-12-20 19:25:52,521 [INFO] IntegrityCheckThread:100 - exiting critical section [integrity check]
2023-12-20 19:25:52,521 [INFO] IntegrityCheckThread:103 - End integrity checks thread
2023-12-20 19:26:13,359 [ERROR] LogOutputStream:75 - [STDERR_REDIRECT] SLF4J: Failed to load class "org.slf4j.impl.StaticLoggerBinder".
2023-12-20 19:26:13,360 [ERROR] LogOutputStream:75 - [STDERR_REDIRECT] SLF4J: Defaulting to no-operation (NOP) logger implementation
2023-12-20 19:26:13,363 [ERROR] LogOutputStream:75 - [STDERR_REDIRECT] SLF4J: See http://www.slf4j.org/codes.html#StaticLoggerBinder for further details.
2023-12-20 19:50:30,445 [INFO] McuFinderGlobals:63 - Set McuFinder mode to 2 (CubeIDE integrated)
2023-12-20 19:50:30,477 [INFO] MainUpdater:2868 - connection check result : 10
2023-12-20 19:50:30,484 [INFO] MainUpdater:2868 - connection check result : 10
2023-12-20 19:50:30,681 [INFO] MicroXplorer:468 - Change Database Path : 
2023-12-20 19:50:30,681 [INFO] MicroXplorer:498 - Change Database Version : DB.6.0.92
2023-12-20 19:50:30,686 [WARN] ThirdParty:871 - waiting for thirdparty lock release [close project]
2023-12-20 19:50:30,687 [INFO] ThirdParty:873 - entering critical section [close project]
2023-12-20 19:50:30,688 [INFO] ThirdParty:883 - exiting critical section [close project]
2023-12-20 19:50:30,690 [INFO] PinOutPanel:1499 - setPackage(No Configuration,No Configuration)
2023-12-20 19:50:30,700 [INFO] UtilMem:75 - Begin LoadConfig() Used Memory: 581232688 Bytes (987758592)
2023-12-20 19:50:30,702 [INFO] MicroXplorer:468 - Change Database Path : 
2023-12-20 19:50:30,702 [INFO] MicroXplorer:498 - Change Database Version : DB.6.0.92
2023-12-20 19:50:30,702 [INFO] OpenFileManager:308 - Change cursor
2023-12-20 19:50:30,766 [INFO] Mcu:1946 - Initializing MCU STM32F411V(C-E)Tx STM32F411VETx STM32F411VET6
2023-12-20 19:50:33,208 [INFO] Context:659 - Trying to add GPIOservice into a context  which must be forbidden
2023-12-20 19:50:34,270 [INFO] RtosManager:555 - Registered RTOS mode: class=CMSIS, group=RTOS, mode=CMSIS_V1, owner=FREERTOS
2023-12-20 19:50:34,270 [INFO] RtosManager:555 - Registered RTOS mode: class=CMSIS, group=RTOS2, mode=CMSIS_V2, owner=FREERTOS
2023-12-20 19:50:34,271 [INFO] RtosManager:555 - Registered RTOS mode: class=RTOS, group=Core, mode=CMSIS_V1, owner=FREERTOS
2023-12-20 19:50:34,271 [INFO] RtosManager:555 - Registered RTOS mode: class=RTOS, group=Core, mode=CMSIS_V2, owner=FREERTOS
2023-12-20 19:50:34,272 [WARN] ModelIntegratedComponent:184 - Missing modes for component STMicroelectronics:FreeRTOS:0.0.1:STMicroelectronics:RTOS:FreeRTOS:Core:::10.2.0:
2023-12-20 19:50:34,301 [WARN] ModelIntegratedComponent:182 - Modes not found for component STMicroelectronics:USB_HOST:1.0.0:STMicroelectronics:USB::USB Host:Audio HS::1.0:USB_HOST_1_0_RESTRICTED_HS
2023-12-20 19:50:34,301 [WARN] ModelIntegratedComponent:188 - Modes not found for component STMicroelectronics:USB_HOST:1.0.0:STMicroelectronics:USB::USB Host:Audio HS::1.0:USB_HOST_1_0_RESTRICTED_HS
2023-12-20 19:50:34,301 [WARN] ModelIntegratedComponent:182 - Modes not found for component STMicroelectronics:USB_HOST:1.0.0:STMicroelectronics:USB::USB Host:CDC HS::1.0:USB_HOST_1_0_RESTRICTED_HS
2023-12-20 19:50:34,302 [WARN] ModelIntegratedComponent:188 - Modes not found for component STMicroelectronics:USB_HOST:1.0.0:STMicroelectronics:USB::USB Host:CDC HS::1.0:USB_HOST_1_0_RESTRICTED_HS
2023-12-20 19:50:34,302 [WARN] ModelIntegratedComponent:182 - Modes not found for component STMicroelectronics:USB_HOST:1.0.0:STMicroelectronics:USB::USB Host:MSC HS::1.0:USB_HOST_1_0_RESTRICTED_HS
2023-12-20 19:50:34,302 [WARN] ModelIntegratedComponent:188 - Modes not found for component STMicroelectronics:USB_HOST:1.0.0:STMicroelectronics:USB::USB Host:MSC HS::1.0:USB_HOST_1_0_RESTRICTED_HS
2023-12-20 19:50:34,302 [WARN] ModelIntegratedComponent:182 - Modes not found for component STMicroelectronics:USB_HOST:1.0.0:STMicroelectronics:USB::USB Host:HID HS::1.0:USB_HOST_1_0_RESTRICTED_HS
2023-12-20 19:50:34,303 [WARN] ModelIntegratedComponent:188 - Modes not found for component STMicroelectronics:USB_HOST:1.0.0:STMicroelectronics:USB::USB Host:HID HS::1.0:USB_HOST_1_0_RESTRICTED_HS
2023-12-20 19:50:34,303 [WARN] ModelIntegratedComponent:182 - Modes not found for component STMicroelectronics:USB_HOST:1.0.0:STMicroelectronics:USB::USB Host:MTP HS::1.0:USB_HOST_1_0_RESTRICTED_HS
2023-12-20 19:50:34,303 [WARN] ModelIntegratedComponent:188 - Modes not found for component STMicroelectronics:USB_HOST:1.0.0:STMicroelectronics:USB::USB Host:MTP HS::1.0:USB_HOST_1_0_RESTRICTED_HS
2023-12-20 19:50:34,353 [WARN] ModelIntegratedComponent:63 - No mode defined for component null
2023-12-20 19:50:34,353 [WARN] ModelIntegratedComponent:63 - No mode defined for component null
2023-12-20 19:50:34,353 [WARN] ModelIntegratedComponent:63 - No mode defined for component null
2023-12-20 19:50:34,353 [WARN] ModelIntegratedComponent:63 - No mode defined for component null
2023-12-20 19:50:34,353 [WARN] ModelIntegratedComponent:63 - No mode defined for component null
2023-12-20 19:50:34,354 [WARN] ModelIntegratedComponent:63 - No mode defined for component null
2023-12-20 19:50:34,355 [WARN] ModelIntegratedComponent:63 - No mode defined for component null
2023-12-20 19:50:34,355 [WARN] ModelIntegratedComponent:63 - No mode defined for component null
2023-12-20 19:50:34,355 [WARN] ModelIntegratedComponent:63 - No mode defined for component null
2023-12-20 19:50:34,356 [WARN] ModelIntegratedComponent:63 - No mode defined for component null
2023-12-20 19:50:34,356 [WARN] ModelIntegratedComponent:63 - No mode defined for component null
2023-12-20 19:50:34,356 [WARN] ModelIntegratedComponent:63 - No mode defined for component null
2023-12-20 19:50:34,357 [WARN] ModelIntegratedComponent:63 - No mode defined for component null
2023-12-20 19:50:34,357 [WARN] ModelIntegratedComponent:63 - No mode defined for component null
2023-12-20 19:50:34,358 [WARN] ModelIntegratedComponent:63 - No mode defined for component null
2023-12-20 19:50:34,358 [WARN] ModelIntegratedComponent:63 - No mode defined for component null
2023-12-20 19:50:34,359 [WARN] ModelIntegratedComponent:63 - No mode defined for component null
2023-12-20 19:50:34,359 [WARN] ModelIntegratedComponent:63 - No mode defined for component null
2023-12-20 19:50:34,359 [WARN] ModelIntegratedComponent:63 - No mode defined for component null
2023-12-20 19:50:34,360 [WARN] ModelIntegratedComponent:63 - No mode defined for component null
2023-12-20 19:50:34,360 [WARN] ModelIntegratedComponent:63 - No mode defined for component null
2023-12-20 19:50:34,360 [WARN] ModelIntegratedComponent:63 - No mode defined for component null
2023-12-20 19:50:34,361 [WARN] ModelIntegratedComponent:63 - No mode defined for component null
2023-12-20 19:50:34,361 [WARN] ModelIntegratedComponent:63 - No mode defined for component null
2023-12-20 19:50:34,362 [WARN] ModelIntegratedComponent:63 - No mode defined for component null
2023-12-20 19:50:34,363 [WARN] ModelIntegratedComponent:63 - No mode defined for component null
2023-12-20 19:50:34,363 [WARN] ModelIntegratedComponent:63 - No mode defined for component null
2023-12-20 19:50:34,363 [WARN] ModelIntegratedComponent:63 - No mode defined for component null
2023-12-20 19:50:34,363 [WARN] ModelIntegratedComponent:63 - No mode defined for component null
2023-12-20 19:50:34,364 [WARN] ModelIntegratedComponent:63 - No mode defined for component null
2023-12-20 19:50:34,364 [WARN] ModelIntegratedComponent:63 - No mode defined for component null
2023-12-20 19:50:34,364 [WARN] ModelIntegratedComponent:63 - No mode defined for component null
2023-12-20 19:50:34,365 [WARN] ModelIntegratedComponent:63 - No mode defined for component null
2023-12-20 19:50:34,786 [WARN] ModelIntegratedComponent:182 - Modes not found for component STMicroelectronics:USB_DEVICE:1.0.0:STMicroelectronics:USB::USB Device:Audio HS::1.0:USB_DEVICE_1_0_RESTRICTED_HS
2023-12-20 19:50:34,787 [WARN] ModelIntegratedComponent:188 - Modes not found for component STMicroelectronics:USB_DEVICE:1.0.0:STMicroelectronics:USB::USB Device:Audio HS::1.0:USB_DEVICE_1_0_RESTRICTED_HS
2023-12-20 19:50:34,787 [WARN] ModelIntegratedComponent:182 - Modes not found for component STMicroelectronics:USB_DEVICE:1.0.0:STMicroelectronics:USB::USB Device:CDC HS::1.0:USB_DEVICE_1_0_RESTRICTED_HS
2023-12-20 19:50:34,787 [WARN] ModelIntegratedComponent:188 - Modes not found for component STMicroelectronics:USB_DEVICE:1.0.0:STMicroelectronics:USB::USB Device:CDC HS::1.0:USB_DEVICE_1_0_RESTRICTED_HS
2023-12-20 19:50:34,787 [WARN] ModelIntegratedComponent:182 - Modes not found for component STMicroelectronics:USB_DEVICE:1.0.0:STMicroelectronics:USB::USB Device:DFU HS::1.0:USB_DEVICE_1_0_RESTRICTED_HS
2023-12-20 19:50:34,787 [WARN] ModelIntegratedComponent:188 - Modes not found for component STMicroelectronics:USB_DEVICE:1.0.0:STMicroelectronics:USB::USB Device:DFU HS::1.0:USB_DEVICE_1_0_RESTRICTED_HS
2023-12-20 19:50:34,787 [WARN] ModelIntegratedComponent:182 - Modes not found for component STMicroelectronics:USB_DEVICE:1.0.0:STMicroelectronics:USB::USB Device:HID HS::1.0:USB_DEVICE_1_0_RESTRICTED_HS
2023-12-20 19:50:34,787 [WARN] ModelIntegratedComponent:188 - Modes not found for component STMicroelectronics:USB_DEVICE:1.0.0:STMicroelectronics:USB::USB Device:HID HS::1.0:USB_DEVICE_1_0_RESTRICTED_HS
2023-12-20 19:50:34,787 [WARN] ModelIntegratedComponent:182 - Modes not found for component STMicroelectronics:USB_DEVICE:1.0.0:STMicroelectronics:USB::USB Device:Custom HID HS::1.0:USB_DEVICE_1_0_RESTRICTED_HS
2023-12-20 19:50:34,787 [WARN] ModelIntegratedComponent:188 - Modes not found for component STMicroelectronics:USB_DEVICE:1.0.0:STMicroelectronics:USB::USB Device:Custom HID HS::1.0:USB_DEVICE_1_0_RESTRICTED_HS
2023-12-20 19:50:34,787 [WARN] ModelIntegratedComponent:182 - Modes not found for component STMicroelectronics:USB_DEVICE:1.0.0:STMicroelectronics:USB::USB Device:MSC HS::1.0:USB_DEVICE_1_0_RESTRICTED_HS
2023-12-20 19:50:34,788 [WARN] ModelIntegratedComponent:188 - Modes not found for component STMicroelectronics:USB_DEVICE:1.0.0:STMicroelectronics:USB::USB Device:MSC HS::1.0:USB_DEVICE_1_0_RESTRICTED_HS
2023-12-20 19:50:34,817 [INFO] ThirdPartyModel:298 - Start build external matchings
2023-12-20 19:50:36,200 [INFO] ThirdPartyModel:316 - End build external matchings
2023-12-20 19:50:36,705 [INFO] UtilMem:75 - End LoadConfig() Used Memory: 673457256 Bytes (987758592)
2023-12-20 19:50:36,947 [INFO] ApiDb:581 - Connected to CubeFinder SQLite database (C:\Users\Hector\.stmcufinder\plugins\mcufinder\mcu\cube-finder-db.db)
2023-12-20 19:50:37,081 [INFO] ApiDb:668 - CubeFinder database Data Model version=2.1
2023-12-20 19:50:37,081 [INFO] ApiDb:669 - CubeFinder database Configuration version=3.0.39
2023-12-20 19:50:37,082 [INFO] ApiDb:670 - CubeFinder database generation date=2023-11-06 (1699269565)
2023-12-20 19:50:37,082 [INFO] ApiDb:671 - CubeFinder database FW Pack versions=[FP-ATR-ASTRA1_V2.0.0, FP-SNS-FLIGHT1_V5.0.1, FP-SNS-FLIGHT1_V5.0.2, FP-SNS-MOTENV1_V4.3.1, FP-SNS-MOTENV1_V4.3.2, FP-SNS-MOTENVWB1_V1.3.0, FP-SNS-SMARTAG2_V1.2.0, STM32Cube_FW_C0_V1.1.0, STM32Cube_FW_F4_V1.28.0, STM32Cube_FW_F7_V1.17.0, STM32Cube_FW_G0_V1.6.1, STM32Cube_FW_G4_V1.5.1, STM32Cube_FW_H5_V0.5.1, STM32Cube_FW_H5_V1.1.1, STM32Cube_FW_H5_V1.2.0RC2, STM32Cube_FW_H7_V1.11.0, STM32Cube_FW_L0_V1.12.2, STM32Cube_FW_L5_V1.5.0, STM32Cube_FW_U5_V1.3.0RC4, STM32Cube_FW_U5_V1.4.0, STM32Cube_FW_WBA_V1.0.0RC1, STM32Cube_FW_WBA_V1.1.0RC1, STM32Cube_FW_WBA_V1.2.0, STM32Cube_FW_WBA_V1.2.0RC2, STM32Cube_FW_WB_V1.15.0RC1, STM32Cube_FW_WB_V1.16.0, STM32Cube_FW_WB_V1.16.0RC2, STM32Cube_FW_WB_V1.18.0, STM32Cube_FW_WL_V1.3.0, X-CUBE-ALGOBUILD_V1.3.0, X-CUBE-ALS_V1.0.1, X-CUBE-AZRTOS-F4_V1.1.0, X-CUBE-AZRTOS-F7_V1.1.0, X-CUBE-AZRTOS-G0_V1.1.0, X-CUBE-AZRTOS-G4_V2.0.0, X-CUBE-AZRTOS-H7_V3.1.0, X-CUBE-AZRTOS-L4_V1.0.0, X-CUBE-AZRTOS-L4_V2.0.0, X-CUBE-AZRTOS-L5_V1.1.0, X-CUBE-AZRTOS-WB_V2.0.0, X-CUBE-AZRTOS-WL_V2.0.0, X-CUBE-BLE1_V7.0.0, X-CUBE-BLE2_V3.3.0, X-CUBE-BLEMGR_V2.0.0, X-CUBE-EEPRMA1_V4.1.0, X-CUBE-EEPRMA1_V4.2.0, X-CUBE-FREERTOS_V1.1.0, X-CUBE-GNSS1_V6.0.0, X-CUBE-MEMS1_V10.0.0, X-CUBE-MEMS1_V9.1.0, X-CUBE-MEMS1_V9.4.0, X-CUBE-MEMS1_V9.6.0, X-CUBE-NFC4_V3.0.0, X-CUBE-NFC7_V1.0.1, X-CUBE-SFXS2LP1_V4.0.0, X-CUBE-SUBG2_V5.0.0, X-CUBE-TOF1_V3.3.1]
2023-12-20 19:50:39,851 [INFO] ApiDb:240 - Found 323 in-development CPN: [B-G473E-ZEST1S, B-WB1M-WPAN1, B-WL5M-SUBG1, NUCLEO-C031C6, NUCLEO-H503RB, NUCLEO-H563ZI, NUCLEO-U545RE-Q, NUCLEO-U5A5ZJ-Q, NUCLEO-WBA52CG, STEVAL-PROTEUS1, STEVAL-SMARTAG2, STEVAL-STWINBX1, STM320518-EVAL, STM32C0116-DK, STM32C011D6Y3TR, STM32C011D6Y6TR, STM32C011F4P3, STM32C011F4P6, STM32C011F4U3, STM32C011F4U6TR, STM32C011F6P3, STM32C011F6P6, STM32C011F6U3, STM32C011F6U6TR, STM32C011J4M3, STM32C011J4M6, STM32C011J6M3, STM32C011J6M6, STM32C0316-DK, STM32C031C4T3, STM32C031C4T6, STM32C031C4U3, STM32C031C4U6, STM32C031C6T3, STM32C031C6T6, STM32C031C6U3, STM32C031C6U6, STM32C031F4P3, STM32C031F4P6, STM32C031F6P3, STM32C031F6P6, STM32C031G4U3, STM32C031G4U6, STM32C031G6U3, STM32C031G6U6, STM32C031K4T3, STM32C031K4T6, STM32C031K4U3, STM32C031K4U6, STM32C031K6T3, STM32C031K6T6, STM32C031K6U3, STM32C031K6U6, STM32G071K8TXN, STM32G071K8UXN, STM32G081GBU6N, STM32G081KBT6N, STM32G081KBUXN, STM32G0B1CCT6N, STM32G0B1KCT6, STM32G0B1NEY6TR, STM32G0B1RCT6N, STM32G0C1CCT6, STM32G0C1CCT6N, STM32G0C1CCU6N, STM32G0C1CET6N, STM32G0C1CEU6N, STM32G0C1KCT6, STM32G0C1NEY6TR, STM32G0C1RCI6N, STM32G0C1RCT6N, STM32G0C1REI6N, STM32G0C1RET6N, STM32G0C1VCI6, STM32G0C1VEI6, STM32G471CCT6, STM32G471CCU6, STM32G471CET3, STM32G471CET6, STM32G471CEU3, STM32G471CEU6, STM32G471MCT6, STM32G471MET3, STM32G471MET6, STM32G471MEY6TR, STM32G471QCT6, STM32G471QET3, STM32G471RCT6, STM32G471RET3, STM32G471RET6, STM32G471VCH6, STM32G471VCI6, STM32G471VCT6, STM32G471VEH3, STM32G471VEH6, STM32G471VEI3, STM32G471VEI6, STM32G471VET3, STM32G471VET6, STM32G474CCT6, STM32H503CBT6, STM32H503CBU6, STM32H503EBY6TR, STM32H503KBU6, STM32H503RBT6, STM32H562AGI6, STM32H562AII6, STM32H562IGK6, STM32H562IGT6, STM32H562IIK6, STM32H562IIT6, STM32H562RGT6, STM32H562RGV6, STM32H562RIT6, STM32H562RIV6, STM32H562VGT6, STM32H562VIT6, STM32H562ZGT6, STM32H562ZIT6, STM32H563AGI6, STM32H563AII3Q, STM32H563AII6, STM32H563IGK6, STM32H563IGT6, STM32H563IIK3Q, STM32H563IIK6, STM32H563IIT3Q, STM32H563IIT6, STM32H563MIY3QTR, STM32H563RGT6, STM32H563RGV6, STM32H563RIT6, STM32H563RIV6, STM32H563VGT6, STM32H563VIT3Q, STM32H563VIT6, STM32H563ZGT6, STM32H563ZIT3Q, STM32H563ZIT6, STM32H573AII3Q, STM32H573AII6, STM32H573I-DK, STM32H573IIK3Q, STM32H573IIK6, STM32H573IIT3Q, STM32H573IIT6, STM32H573MIY3QTR, STM32H573RIT6, STM32H573RIV6, STM32H573VIT3Q, STM32H573VIT6, STM32H573ZIT3Q, STM32H573ZIT6, STM32L4R5QGI6STR, STM32MP131AAE3, STM32MP131AAF3, STM32MP131AAG3, STM32MP131CAE3, STM32MP131CAF3, STM32MP131CAG3, STM32MP131DAE7, STM32MP131DAF7, STM32MP131DAG7, STM32MP131FAE7, STM32MP131FAF7, STM32MP131FAG7, STM32MP133AAE3, STM32MP133AAF3, STM32MP133AAG3, STM32MP133CAE3, STM32MP133CAF3, STM32MP133CAG3, STM32MP133DAE7, STM32MP133DAF7, STM32MP133DAG7, STM32MP133FAE7, STM32MP133FAF7, STM32MP133FAG7, STM32MP135AAE3, STM32MP135AAF3, STM32MP135AAG3, STM32MP135CAE3, STM32MP135CAF3, STM32MP135CAG3, STM32MP135DAE7, STM32MP135DAF7, STM32MP135DAG7, STM32MP135F-DK, STM32MP135FAE7, STM32MP135FAF7, STM32MP135FAF7T, STM32MP135FAF7U, STM32MP135FAG7, STM32U535CBT6, STM32U535CBT6Q, STM32U535CBU6, STM32U535CBU6Q, STM32U535CCT6, STM32U535CCT6Q, STM32U535CCU6, STM32U535CCU6Q, STM32U535CET6, STM32U535CET6Q, STM32U535CEU6, STM32U535CEU6Q, STM32U535JEY6QTR, STM32U535NCY6QTR, STM32U535NEY6QTR, STM32U535RBI6, STM32U535RBI6Q, STM32U535RBT6, STM32U535RBT6Q, STM32U535RCI6, STM32U535RCI6Q, STM32U535RCT6, STM32U535RCT6Q, STM32U535REI6, STM32U535REI6Q, STM32U535RET6, STM32U535RET6Q, STM32U535VCI6, STM32U535VCI6Q, STM32U535VCT6, STM32U535VCT6Q, STM32U535VEI6, STM32U535VEI6Q, STM32U535VET6, STM32U535VET6Q, STM32U545CET6, STM32U545CET6Q, STM32U545CEU6, STM32U545CEU6Q, STM32U545JEY6QTR, STM32U545NEY6QTR, STM32U545REI6, STM32U545REI6Q, STM32U545RET6, STM32U545RET6Q, STM32U545VEI6, STM32U545VEI6Q, STM32U545VET6, STM32U545VET6Q, STM32U595AIH6, STM32U595AIH6Q, STM32U595AJH6, STM32U595AJH6Q, STM32U595QII6, STM32U595QII6Q, STM32U595QJI6, STM32U595QJI6Q, STM32U595RIT6, STM32U595RIT6Q, STM32U595RJT6, STM32U595RJT6Q, STM32U595VIT6, STM32U595VIT6Q, STM32U595VJT6, STM32U595VJT6Q, STM32U595ZIT6, STM32U595ZIT6Q, STM32U595ZIY6QTR, STM32U595ZJT6, STM32U595ZJT6Q, STM32U595ZJY6QTR, STM32U599BJY6QTR, STM32U599NIH6Q, STM32U599NJH6Q, STM32U599VIT6Q, STM32U599VJT6, STM32U599VJT6Q, STM32U599ZIT6Q, STM32U599ZIY6QTR, STM32U599ZJT6Q, STM32U599ZJY6QTR, STM32U5A5AJH6, STM32U5A5AJH6Q, STM32U5A5QJI6, STM32U5A5QJI6Q, STM32U5A5RJT6, STM32U5A5RJT6Q, STM32U5A5VJT6, STM32U5A5VJT6Q, STM32U5A5ZJT6, STM32U5A5ZJT6Q, STM32U5A5ZJY6QTR, STM32U5A9BJY6QTR, STM32U5A9J-DK, STM32U5A9NJH6Q, STM32U5A9VJT6Q, STM32U5A9ZJT6Q, STM32U5A9ZJY6QTR, STM32U5F7VIT6, STM32U5F7VIT6Q, STM32U5F7VJT6, STM32U5F7VJT6Q, STM32U5F9BJY6QTR, STM32U5F9NJH6Q, STM32U5F9VIT6Q, STM32U5F9VJT6Q, STM32U5F9ZIJ6QTR, STM32U5F9ZIT6Q, STM32U5F9ZJJ6QTR, STM32U5F9ZJT6Q, STM32U5G7VJT6, STM32U5G7VJT6Q, STM32U5G9BJY6QTR, STM32U5G9J-DK1, STM32U5G9J-DK2, STM32U5G9NJH6Q, STM32U5G9VJT6Q, STM32U5G9ZJJ6QTR, STM32U5G9ZJT6Q, STM32WB1MMCH6, STM32WBA52CEU6, STM32WBA52CEU6T, STM32WBA52CGU6, STM32WBA52CGU6T, STM32WBA52KEU6, STM32WBA52KEU6T, STM32WBA52KGU6, STM32WBA52KGU6T, STM32WL5MOCH6, STM32WL5MOCH6TR]
2023-12-20 19:50:39,860 [INFO] DbMcus:217 - Found 3882 MCUs, 3882 are supported
2023-12-20 19:50:39,861 [INFO] ApiDb:423 - Load user favorites file C:\Users\Hector/.stm32cubeide/favorites.mcus.txt: 0 item(s)
2023-12-20 19:50:39,862 [INFO] ApiDb:427 - User favorites MCUs=[]
2023-12-20 19:50:39,862 [INFO] DbMcus:223 - Set 0 / 0 favorites MCUs
2023-12-20 19:50:40,303 [WARN] ThirdParty:833 - waiting for thirdparty lock release [change project]
2023-12-20 19:50:40,303 [INFO] ThirdParty:835 - entering critical section [change project]
2023-12-20 19:50:40,303 [INFO] ThirdParty:1030 - CMSIS Pack Vendor :wolfSSL I-CUBE-wolfSSL 5.0.0
2023-12-20 19:50:40,303 [INFO] ThirdParty:1030 - CMSIS Pack Vendor :STMicroelectronics X-CUBE-ISPU 1.1.0
2023-12-20 19:50:40,303 [INFO] ThirdParty:1030 - CMSIS Pack Vendor :STMicroelectronics USBPD 4.1
2023-12-20 19:50:40,303 [INFO] ThirdParty:1030 - CMSIS Pack Vendor :RoweBots I-CUBE-UNISONRTOS 5.5.0-4
2023-12-20 19:50:40,303 [INFO] ThirdParty:1030 - CMSIS Pack Vendor :STMicroelectronics X-CUBE-GNSS1 6.0.0
2023-12-20 19:50:40,303 [INFO] ThirdParty:1030 - CMSIS Pack Vendor :STMicroelectronics USB_HOST 2.0.0
2023-12-20 19:50:40,304 [INFO] ThirdParty:1030 - CMSIS Pack Vendor :STMicroelectronics X-CUBE-AZRTOS-F4 1.1.0
2023-12-20 19:50:40,304 [INFO] ThirdParty:1030 - CMSIS Pack Vendor :STMicroelectronics LIBJPEG 8.0.0
2023-12-20 19:50:40,304 [INFO] ThirdParty:1030 - CMSIS Pack Vendor :STMicroelectronics X-CUBE-SMBUS 2.1.0
2023-12-20 19:50:40,304 [INFO] ThirdParty:1030 - CMSIS Pack Vendor :STMicroelectronics USB_DEVICE 3.0.0
2023-12-20 19:50:40,304 [INFO] ThirdParty:1030 - CMSIS Pack Vendor :STMicroelectronics X-CUBE-AZRTOS-WB 2.0.0
2023-12-20 19:50:40,304 [INFO] ThirdParty:1030 - CMSIS Pack Vendor :STMicroelectronics X-CUBE-TOUCHGFX 4.23.0
2023-12-20 19:50:40,304 [INFO] ThirdParty:1030 - CMSIS Pack Vendor :STMicroelectronics X-CUBE-AZRTOS-F7 1.1.0
2023-12-20 19:50:40,304 [INFO] ThirdParty:1030 - CMSIS Pack Vendor :STMicroelectronics X-CUBE-AZRTOS-L5 2.0.0
2023-12-20 19:50:40,304 [INFO] ThirdParty:1030 - CMSIS Pack Vendor :STMicroelectronics USB_DEVICE 2.0.0
2023-12-20 19:50:40,304 [INFO] ThirdParty:1030 - CMSIS Pack Vendor :STMicroelectronics X-CUBE-EEPRMA1 4.2.0
2023-12-20 19:50:40,305 [INFO] ThirdParty:1030 - CMSIS Pack Vendor :ITTIA_DB I-CUBE-ITTIADB 8.8.0
2023-12-20 19:50:40,305 [INFO] ThirdParty:1030 - CMSIS Pack Vendor :STMicroelectronics FP-SNS-MOTENV1 4.3.2
2023-12-20 19:50:40,305 [INFO] ThirdParty:1030 - CMSIS Pack Vendor :STMicroelectronics X-CUBE-ALGOBUILD 1.3.0
2023-12-20 19:50:40,305 [INFO] ThirdParty:1030 - CMSIS Pack Vendor :STMicroelectronics FreeRTOS 0.0.1
2023-12-20 19:50:40,305 [INFO] ThirdParty:1030 - CMSIS Pack Vendor :STMicroelectronics X-CUBE-AZRTOS-G0 1.1.0
2023-12-20 19:50:40,305 [INFO] ThirdParty:1030 - CMSIS Pack Vendor :STMicroelectronics X-CUBE-NFC4 3.0.0
2023-12-20 19:50:40,305 [INFO] ThirdParty:1030 - CMSIS Pack Vendor :SEGGER I-CUBE-embOS 1.2.0
2023-12-20 19:50:40,305 [INFO] ThirdParty:1030 - CMSIS Pack Vendor :STMicroelectronics X-CUBE-SUBG2 5.0.0
2023-12-20 19:50:40,305 [INFO] ThirdParty:1030 - CMSIS Pack Vendor :STMicroelectronics STM32_WPAN 1.0.0
2023-12-20 19:50:40,306 [INFO] ThirdParty:1030 - CMSIS Pack Vendor :STMicroelectronics lwIP 2.0.3
2023-12-20 19:50:40,306 [INFO] ThirdParty:1030 - CMSIS Pack Vendor :STMicroelectronics X-CUBE-BLE1 6.2.2
2023-12-20 19:50:40,306 [INFO] ThirdParty:1030 - CMSIS Pack Vendor :STMicroelectronics FP-SNS-FLIGHT1 5.0.2
2023-12-20 19:50:40,306 [INFO] ThirdParty:1030 - CMSIS Pack Vendor :STMicroelectronics X-CUBE-BLE2 3.2.2
2023-12-20 19:50:40,306 [INFO] ThirdParty:1030 - CMSIS Pack Vendor :STMicroelectronics USB_HOST 1.0.0
2023-12-20 19:50:40,306 [INFO] ThirdParty:1030 - CMSIS Pack Vendor :STMicroelectronics X-CUBE-NFC4 2.0.3
2023-12-20 19:50:40,306 [INFO] ThirdParty:1030 - CMSIS Pack Vendor :STMicroelectronics X-CUBE-TOF1 3.3.1
2023-12-20 19:50:40,306 [INFO] ThirdParty:1030 - CMSIS Pack Vendor :STMicroelectronics X-CUBE-AZRTOS-G4 2.0.0
2023-12-20 19:50:40,306 [INFO] ThirdParty:1030 - CMSIS Pack Vendor :STMicroelectronics PDM2PCM 3.1.0
2023-12-20 19:50:40,306 [INFO] ThirdParty:1030 - CMSIS Pack Vendor :STMicroelectronics X-CUBE-AZRTOS-H7 3.1.0
2023-12-20 19:50:40,306 [INFO] ThirdParty:1030 - CMSIS Pack Vendor :Infineon AIROC-Wi-Fi-Bluetooth-STM32 1.5.1
2023-12-20 19:50:40,307 [INFO] ThirdParty:1030 - CMSIS Pack Vendor :STMicroelectronics X-CUBE-BLEMGR 3.0.0
2023-12-20 19:50:40,307 [INFO] ThirdParty:1030 - CMSIS Pack Vendor :STMicroelectronics PDM2PCM 3.3.0
2023-12-20 19:50:40,307 [INFO] ThirdParty:1030 - CMSIS Pack Vendor :STMicroelectronics X-CUBE-SFXS2LP1 3.1.0
2023-12-20 19:50:40,307 [INFO] ThirdParty:1030 - CMSIS Pack Vendor :STMicroelectronics X-CUBE-DISPLAY 3.0.0
2023-12-20 19:50:40,307 [INFO] ThirdParty:1030 - CMSIS Pack Vendor :STMicroelectronics FP-SNS-MOTENVWB1 1.3.0
2023-12-20 19:50:40,307 [INFO] ThirdParty:1030 - CMSIS Pack Vendor :STMicroelectronics X-CUBE-AZRTOS-F4 1.0.0
2023-12-20 19:50:40,307 [INFO] ThirdParty:1030 - CMSIS Pack Vendor :STMicroelectronics X-CUBE-AZRTOS-H7 2.0.0
2023-12-20 19:50:40,307 [INFO] ThirdParty:1030 - CMSIS Pack Vendor :STMicroelectronics FP-SNS-MOTENVWB1 1.3.1
2023-12-20 19:50:40,307 [INFO] ThirdParty:1030 - CMSIS Pack Vendor :STMicroelectronics X-CUBE-BLE1 7.0.0
2023-12-20 19:50:40,307 [INFO] ThirdParty:1030 - CMSIS Pack Vendor :STMicroelectronics FP-ATR-SIGFOX1 3.2.0
2023-12-20 19:50:40,307 [INFO] ThirdParty:1030 - CMSIS Pack Vendor :STMicroelectronics X-CUBE-AZRTOS-G4 1.0.0
2023-12-20 19:50:40,307 [INFO] ThirdParty:1030 - CMSIS Pack Vendor :STMicroelectronics X-CUBE-AZRTOS-L4 1.0.0
2023-12-20 19:50:40,308 [INFO] ThirdParty:1030 - CMSIS Pack Vendor :STMicroelectronics X-CUBE-ISPU 2.0.0
2023-12-20 19:50:40,308 [INFO] ThirdParty:1030 - CMSIS Pack Vendor :STMicroelectronics X-CUBE-TOF1 2.0.0
2023-12-20 19:50:40,308 [INFO] ThirdParty:1030 - CMSIS Pack Vendor :STMicroelectronics HAL Drivers 0.0.0
2023-12-20 19:50:40,308 [INFO] ThirdParty:1030 - CMSIS Pack Vendor :STMicroelectronics MBEDTLS 2.16.2
2023-12-20 19:50:40,308 [INFO] ThirdParty:1030 - CMSIS Pack Vendor :emotas I-CUBE-CANOPEN 1.3.0
2023-12-20 19:50:40,308 [INFO] ThirdParty:1030 - CMSIS Pack Vendor :STMicroelectronics X-CUBE-MEMS1 10.0.0
2023-12-20 19:50:40,308 [INFO] ThirdParty:1030 - CMSIS Pack Vendor :STMicroelectronics X-CUBE-FREERTOS 1.1.0
2023-12-20 19:50:40,308 [INFO] ThirdParty:1030 - CMSIS Pack Vendor :STMicroelectronics X-CUBE-NFC7 1.0.1
2023-12-20 19:50:40,308 [INFO] ThirdParty:1030 - CMSIS Pack Vendor :STMicroelectronics MBEDTLS 2.14.1
2023-12-20 19:50:40,308 [INFO] ThirdParty:1030 - CMSIS Pack Vendor :STMicroelectronics X-CUBE-AZRTOS-F7 1.0.0
2023-12-20 19:50:40,308 [INFO] ThirdParty:1030 - CMSIS Pack Vendor :STMicroelectronics X-CUBE-TOUCHGFX 4.22.1
2023-12-20 19:50:40,308 [INFO] ThirdParty:1030 - CMSIS Pack Vendor :STMicroelectronics X-CUBE-SUBG2 4.2.0
2023-12-20 19:50:40,308 [INFO] ThirdParty:1030 - CMSIS Pack Vendor :STMicroelectronics X-CUBE-MEMS1 9.1.0
2023-12-20 19:50:40,308 [INFO] ThirdParty:1030 - CMSIS Pack Vendor :STMicroelectronics X-CUBE-NFC6 3.0.0
2023-12-20 19:50:40,308 [INFO] ThirdParty:1030 - CMSIS Pack Vendor :portGmbH I-Cube-SoM-uGOAL 1.1.0
2023-12-20 19:50:40,308 [INFO] ThirdParty:1030 - CMSIS Pack Vendor :STMicroelectronics X-CUBE-ALS 1.0.1
2023-12-20 19:50:40,308 [INFO] ThirdParty:1030 - CMSIS Pack Vendor :STMicroelectronics X-CUBE-AI 7.0.0
2023-12-20 19:50:40,309 [INFO] ThirdParty:1030 - CMSIS Pack Vendor :STMicroelectronics ThreadX 1.0.0
2023-12-20 19:50:40,309 [INFO] ThirdParty:1030 - CMSIS Pack Vendor :STMicroelectronics FP-SNS-SMARTAG2 1.2.0
2023-12-20 19:50:40,309 [INFO] ThirdParty:1030 - CMSIS Pack Vendor :STMicroelectronics X-CUBE-AZRTOS-WL 2.0.0
2023-12-20 19:50:40,309 [INFO] ThirdParty:1030 - CMSIS Pack Vendor :STMicroelectronics X-CUBE-ALGOBUILD 1.2.1
2023-12-20 19:50:40,309 [INFO] ThirdParty:1030 - CMSIS Pack Vendor :STMicroelectronics X-CUBE-AZRTOS-L5 1.0.0
2023-12-20 19:50:40,309 [INFO] ThirdParty:1030 - CMSIS Pack Vendor :STMicroelectronics USB_DEVICE 1.0.0
2023-12-20 19:50:40,309 [INFO] ThirdParty:1030 - CMSIS Pack Vendor :STMicroelectronics X-CUBE-AI 8.1.0
2023-12-20 19:50:40,309 [INFO] ThirdParty:1030 - CMSIS Pack Vendor :STMicroelectronics X-CUBE-EEPRMA1 3.1.0
2023-12-20 19:50:40,309 [INFO] ThirdParty:1030 - CMSIS Pack Vendor :STMicroelectronics X-CUBE-AZRTOS-L4 2.0.0
2023-12-20 19:50:40,309 [INFO] ThirdParty:1030 - CMSIS Pack Vendor :STMicroelectronics X-CUBE-GNSS1 5.2.0
2023-12-20 19:50:40,309 [INFO] ThirdParty:1030 - CMSIS Pack Vendor :STMicroelectronics ThreadX 0.0.2
2023-12-20 19:50:40,309 [INFO] ThirdParty:1030 - CMSIS Pack Vendor :WES I-CUBE-Cesium 1.3.0
2023-12-20 19:50:40,309 [INFO] ThirdParty:1030 - CMSIS Pack Vendor :STMicroelectronics FP-ATR-ASTRA1 2.0.0
2023-12-20 19:50:40,309 [INFO] ThirdParty:1030 - CMSIS Pack Vendor :STMicroelectronics lwIP 2.1.2
2023-12-20 19:50:40,309 [INFO] ThirdParty:1030 - CMSIS Pack Vendor :STMicroelectronics X-CUBE-SFXS2LP1 4.0.0
2023-12-20 19:50:40,309 [INFO] ThirdParty:1030 - CMSIS Pack Vendor :STMicroelectronics X-CUBE-BLE2 3.3.0
2023-12-20 19:50:40,309 [INFO] ThirdParty:1030 - CMSIS Pack Vendor :STMicroelectronics X-CUBE-DISPLAY 2.0.0
2023-12-20 19:50:40,309 [INFO] ThirdParty:1030 - CMSIS Pack Vendor :STMicroelectronics X-CUBE-TOF1 3.4.0
2023-12-20 19:50:40,309 [INFO] ThirdParty:1030 - CMSIS Pack Vendor :STMicroelectronics X-CUBE-AZRTOS-H7 3.2.0
2023-12-20 19:50:40,310 [INFO] ThirdParty:1030 - CMSIS Pack Vendor :STMicroelectronics PDM2PCM 3.2.0
2023-12-20 19:50:40,310 [INFO] ThirdParty:1030 - CMSIS Pack Vendor :STMicroelectronics X-CUBE-TOUCHGFX 4.18.1
2023-12-20 19:50:40,310 [INFO] ThirdParty:841 - exiting critical section [change project]
2023-12-20 19:50:40,936 [INFO] PinOutPanel:1499 - setPackage(No Configuration,No Configuration)
2023-12-20 19:50:40,938 [INFO] PinOutPanel:1499 - setPackage(STM32F411VETx,LQFP100)
2023-12-20 19:50:41,635 [INFO] UtilMem:75 - Before build in PCC Used Memory: 619708416 Bytes (1073741824)
2023-12-20 19:50:42,958 [INFO] UtilMem:75 - After build in PCC Used Memory: 712648080 Bytes (1073741824)
2023-12-20 19:50:43,014 [INFO] IPUIPlugin:80 - create IPUIPlugin
2023-12-20 19:50:43,014 [INFO] IPUIPlugin:80 - create IPUIPlugin
2023-12-20 19:50:43,015 [INFO] IPUIPlugin:80 - create IPUIPlugin
2023-12-20 19:50:43,015 [INFO] IPUIPlugin:80 - create IPUIPlugin
2023-12-20 19:50:43,015 [INFO] IPUIPlugin:80 - create IPUIPlugin
2023-12-20 19:50:43,015 [INFO] IPUIPlugin:80 - create IPUIPlugin
2023-12-20 19:50:43,015 [INFO] IPUIPlugin:80 - create IPUIPlugin
2023-12-20 19:50:43,016 [INFO] IPUIPlugin:80 - create IPUIPlugin
2023-12-20 19:50:43,016 [INFO] IPUIPlugin:80 - create IPUIPlugin
2023-12-20 19:50:43,016 [INFO] IPUIPlugin:80 - create IPUIPlugin
2023-12-20 19:50:43,017 [INFO] IPUIPlugin:80 - create IPUIPlugin
2023-12-20 19:50:43,017 [INFO] IPUIPlugin:80 - create IPUIPlugin
2023-12-20 19:50:43,017 [INFO] IPUIPlugin:80 - create IPUIPlugin
2023-12-20 19:50:43,017 [INFO] IPUIPlugin:80 - create IPUIPlugin
2023-12-20 19:50:43,018 [INFO] IPUIPlugin:80 - create IPUIPlugin
2023-12-20 19:50:43,018 [INFO] IPUIPlugin:80 - create IPUIPlugin
2023-12-20 19:50:43,019 [INFO] IPUIPlugin:80 - create IPUIPlugin
2023-12-20 19:50:43,019 [INFO] IPUIPlugin:80 - create IPUIPlugin
2023-12-20 19:50:43,019 [INFO] IPUIPlugin:80 - create IPUIPlugin
2023-12-20 19:50:43,020 [INFO] IPUIPlugin:80 - create IPUIPlugin
2023-12-20 19:50:43,020 [INFO] IPUIPlugin:80 - create IPUIPlugin
2023-12-20 19:50:43,021 [INFO] IPUIPlugin:80 - create IPUIPlugin
2023-12-20 19:50:43,021 [INFO] IPUIPlugin:80 - create IPUIPlugin
2023-12-20 19:50:43,021 [INFO] IPUIPlugin:80 - create IPUIPlugin
2023-12-20 19:50:43,022 [INFO] IPUIPlugin:80 - create IPUIPlugin
2023-12-20 19:50:43,022 [INFO] IPUIPlugin:80 - create IPUIPlugin
2023-12-20 19:50:43,022 [INFO] IPUIPlugin:80 - create IPUIPlugin
2023-12-20 19:50:43,023 [INFO] IPUIPlugin:80 - create IPUIPlugin
2023-12-20 19:50:43,024 [INFO] IPUIPlugin:80 - create IPUIPlugin
2023-12-20 19:50:43,025 [INFO] IPUIPlugin:80 - create IPUIPlugin
2023-12-20 19:50:43,025 [INFO] IPUIPlugin:80 - create IPUIPlugin
2023-12-20 19:50:43,026 [INFO] IPUIPlugin:80 - create IPUIPlugin
2023-12-20 19:50:43,026 [INFO] IPUIPlugin:80 - create IPUIPlugin
2023-12-20 19:50:43,027 [INFO] IPUIPlugin:80 - create IPUIPlugin
2023-12-20 19:50:43,027 [INFO] IPUIPlugin:80 - create IPUIPlugin
2023-12-20 19:50:43,027 [INFO] IPUIPlugin:80 - create IPUIPlugin
2023-12-20 19:50:43,028 [INFO] IPUIPlugin:80 - create IPUIPlugin
2023-12-20 19:50:43,028 [INFO] IPUIPlugin:80 - create IPUIPlugin
2023-12-20 19:50:43,029 [INFO] IPUIPlugin:80 - create IPUIPlugin
2023-12-20 19:50:43,030 [INFO] IPUIPlugin:80 - create IPUIPlugin
2023-12-20 19:50:43,030 [INFO] IPUIPlugin:80 - create IPUIPlugin
2023-12-20 19:50:43,031 [INFO] IPUIPlugin:80 - create IPUIPlugin
2023-12-20 19:50:43,031 [INFO] IPUIPlugin:80 - create IPUIPlugin
2023-12-20 19:50:43,177 [INFO] ApiDbMcu:507 - Load IP Config File for PDM2PCM
2023-12-20 19:50:43,521 [INFO] CADModel:165 - CPN selected for project levelSTM32F411VET6
2023-12-20 19:50:43,521 [INFO] CADModel:114 - Register for checkConnection events
2023-12-20 19:50:43,593 [INFO] OpenFileManager:328 - Restore cursor
2023-12-20 22:22:36,795 [ERROR] ConfigurationRetriever:142 - IOException on connection: Read timed out
2023-12-20 22:22:38,805 [ERROR] ConfigurationRetriever:142 - IOException on connection: Read timed out
