2023-12-08 01:42:36,201 [ERROR] LogOutputStream:75 - [STDERR_REDIRECT] 
2023-12-08 01:42:47,794 [INFO] Activator:176 - 


2023-12-08 01:42:47,797 [INFO] Activator:177 - !SESSION log4j initialized
2023-12-08 01:42:53,421 [INFO] LogOutputStream:77 - [STDOUT_REDIRECT] 
2023-12-08 01:42:54,864 [INFO] ApplicationProperties:184 - Using Application install path: C:\ST\STM32CubeIDE_1.13.2\STM32CubeIDE\plugins\com.st.stm32cube.common.mx_6.9.2.202309101412
2023-12-08 01:42:54,885 [INFO] DbMcusXml:78 - Set database path to: C:\ST\STM32CubeIDE_1.13.2\STM32CubeIDE\plugins\com.st.stm32cube.common.mx_6.9.2.202309101412\\db\/mcu/
2023-12-08 01:42:54,886 [INFO] ApiDb:274 - Set plugin database path to: C:\ST\STM32CubeIDE_1.13.2\STM32CubeIDE\plugins\com.st.stm32cube.common.mx_6.9.2.202309101412\\db\/plugins/boardmanager/
2023-12-08 01:42:54,886 [WARN] ApiDb:259 - Overriding images path with different value:  => C:\ST\STM32CubeIDE_1.13.2\STM32CubeIDE\plugins\com.st.stm32cube.common.mx_6.9.2.202309101412\\db\/plugins/mcufinder/images/
2023-12-08 01:42:54,896 [INFO] ApiDb:250 - Set database path to: C:\Users\Hector\.stmcufinder\plugins\mcufinder//mcu/
2023-12-08 01:42:54,898 [INFO] DbMcusAds:125 - Set database path to: C:\Users\Hector\.stmcufinder\plugins\mcufinder//mcu/
2023-12-08 01:42:54,901 [INFO] CrossReferenceDbSqlite:203 - Set database path to: C:\Users\Hector\.stmcufinder\plugins\mcufinder//mcu/cs/
2023-12-08 01:42:55,006 [INFO] RulesReader:64 - Compatibility file has been processed (293 Rules)
2023-12-08 01:42:55,103 [INFO] DbMcusXml:78 - Set database path to: C:\ST\STM32CubeIDE_1.13.2\STM32CubeIDE\plugins\com.st.stm32cube.common.mx_6.9.2.202309101412\\db\/mcu/
2023-12-08 01:42:55,103 [INFO] ApiDb:274 - Set plugin database path to: C:\ST\STM32CubeIDE_1.13.2\STM32CubeIDE\plugins\com.st.stm32cube.common.mx_6.9.2.202309101412\\db\/plugins/boardmanager/
2023-12-08 01:42:55,103 [INFO] ApiDb:261 - Set plugin images path to: C:\ST\STM32CubeIDE_1.13.2\STM32CubeIDE\plugins\com.st.stm32cube.common.mx_6.9.2.202309101412\\db\/plugins/mcufinder/images/
2023-12-08 01:42:55,104 [WARN] DbFile:41 - Overriding database path with different value: C:\Users\Hector\.stmcufinder\plugins\mcufinder/ => C:\Users\Hector\.stmcufinder\plugins\mcufinder
2023-12-08 01:42:55,104 [INFO] ApiDb:250 - Set database path to: C:\Users\Hector\.stmcufinder\plugins\mcufinder//mcu/
2023-12-08 01:42:55,104 [WARN] DbFile:41 - Overriding database path with different value: C:\Users\Hector\.stmcufinder\plugins\mcufinder/ => C:\Users\Hector\.stmcufinder\plugins\mcufinder
2023-12-08 01:42:55,104 [INFO] DbMcusAds:125 - Set database path to: C:\Users\Hector\.stmcufinder\plugins\mcufinder//mcu/
2023-12-08 01:42:55,104 [WARN] DbFile:41 - Overriding database path with different value: C:\Users\Hector\.stmcufinder\plugins\mcufinder/ => C:\Users\Hector\.stmcufinder\plugins\mcufinder
2023-12-08 01:42:55,104 [WARN] DbFile:41 - Overriding database path with different value: C:\Users\Hector\.stmcufinder\plugins\mcufinder/ => C:\Users\Hector\.stmcufinder\plugins\mcufinder
2023-12-08 01:42:55,105 [INFO] CrossReferenceDbSqlite:203 - Set database path to: C:\Users\Hector\.stmcufinder\plugins\mcufinder//mcu/cs/
2023-12-08 01:42:55,199 [INFO] MainPanel:262 - HeapMemory: 268435456
2023-12-08 01:42:55,441 [INFO] DbMcusXml:78 - Set database path to: C:\ST\STM32CubeIDE_1.13.2\STM32CubeIDE\plugins\com.st.stm32cube.common.mx_6.9.2.202309101412\\db\/mcu/
2023-12-08 01:42:55,442 [INFO] ApiDb:274 - Set plugin database path to: C:\ST\STM32CubeIDE_1.13.2\STM32CubeIDE\plugins\com.st.stm32cube.common.mx_6.9.2.202309101412\\db\/plugins/boardmanager/
2023-12-08 01:42:55,442 [INFO] ApiDb:261 - Set plugin images path to: C:\ST\STM32CubeIDE_1.13.2\STM32CubeIDE\plugins\com.st.stm32cube.common.mx_6.9.2.202309101412\\db\/plugins/mcufinder/images/
2023-12-08 01:42:55,455 [WARN] DbFile:41 - Overriding database path with different value: C:\Users\Hector\.stmcufinder\plugins\mcufinder/ => C:\Users\Hector\.stmcufinder\plugins\mcufinder
2023-12-08 01:42:55,455 [INFO] ApiDb:250 - Set database path to: C:\Users\Hector\.stmcufinder\plugins\mcufinder//mcu/
2023-12-08 01:42:55,455 [WARN] DbFile:41 - Overriding database path with different value: C:\Users\Hector\.stmcufinder\plugins\mcufinder/ => C:\Users\Hector\.stmcufinder\plugins\mcufinder
2023-12-08 01:42:55,455 [INFO] DbMcusAds:125 - Set database path to: C:\Users\Hector\.stmcufinder\plugins\mcufinder//mcu/
2023-12-08 01:42:55,455 [WARN] DbFile:41 - Overriding database path with different value: C:\Users\Hector\.stmcufinder\plugins\mcufinder/ => C:\Users\Hector\.stmcufinder\plugins\mcufinder
2023-12-08 01:42:55,455 [WARN] DbFile:41 - Overriding database path with different value: C:\Users\Hector\.stmcufinder\plugins\mcufinder/ => C:\Users\Hector\.stmcufinder\plugins\mcufinder
2023-12-08 01:42:55,455 [INFO] CrossReferenceDbSqlite:203 - Set database path to: C:\Users\Hector\.stmcufinder\plugins\mcufinder//mcu/cs/
2023-12-08 01:42:55,523 [INFO] ApplicationProperties:184 - Using Application install path: C:\ST\STM32CubeIDE_1.13.2\STM32CubeIDE\plugins\com.st.stm32cube.common.mx_6.9.2.202309101412
2023-12-08 01:42:55,524 [INFO] PluginManage:196 - Search for loadable plugins [exclusion list=, ]
2023-12-08 01:42:55,527 [INFO] PluginManage:310 - Check plugin analytics
2023-12-08 01:42:55,752 [INFO] AnalyticsPlugin:253 - Accepted Software Licenses: STM32CubeMX.6.4.0
2023-12-08 01:42:55,753 [INFO] AnalyticsPlugin:255 - Accepted CMSIS Pack Licenses: 
2023-12-08 01:42:55,753 [INFO] AnalyticsPlugin:257 - Accepted Firmware Licenses: FW.F4.1.27.0
2023-12-08 01:42:55,756 [INFO] PluginManage:359 - Loaded plugin analytics (category:tool,tabindex:-1)
2023-12-08 01:42:55,757 [INFO] PluginManage:310 - Check plugin cadmodel
2023-12-08 01:42:55,771 [INFO] CADModel:105 - Init CAD model plugin
2023-12-08 01:42:55,772 [INFO] PluginManage:359 - Loaded plugin cadmodel (category:power,tabindex:5)
2023-12-08 01:42:55,772 [INFO] PluginManage:310 - Check plugin clock
2023-12-08 01:42:55,792 [INFO] PluginManage:359 - Loaded plugin clock (category:base,tabindex:2)
2023-12-08 01:42:55,792 [INFO] PluginManage:310 - Check plugin ddr
2023-12-08 01:42:55,805 [INFO] PluginManage:359 - Loaded plugin ddr (category:tool,tabindex:6)
2023-12-08 01:42:55,805 [INFO] PluginManage:310 - Check plugin filemanager
2023-12-08 01:42:56,018 [INFO] PluginManage:359 - Loaded plugin filemanager (category:base,tabindex:10)
2023-12-08 01:42:56,018 [INFO] PluginManage:310 - Check plugin ipmanager
2023-12-08 01:42:56,037 [INFO] PluginManage:359 - Loaded plugin ipmanager (category:base,tabindex:5)
2023-12-08 01:42:56,037 [INFO] PluginManage:310 - Check plugin lpbam
2023-12-08 01:42:56,051 [INFO] PluginManage:359 - Loaded plugin lpbam (category:base,tabindex:0)
2023-12-08 01:42:56,051 [INFO] PluginManage:310 - Check plugin memorymap
2023-12-08 01:42:56,093 [INFO] PluginManage:359 - Loaded plugin memorymap (category:base,tabindex:4)
2023-12-08 01:42:56,093 [INFO] PluginManage:310 - Check plugin pinoutandconfiguration
2023-12-08 01:42:56,100 [INFO] PluginManage:359 - Loaded plugin pinoutandconfiguration (category:base,tabindex:1)
2023-12-08 01:42:56,100 [INFO] PluginManage:310 - Check plugin pinoutconfig
2023-12-08 01:42:56,226 [WARN] SupportedApi:132 - Cannot load RTOS API schema: s4s-elt-must-match.1: The content of 'definitions' must match (annotation?, (simpleType | complexType)?, (unique | key | keyref)*)). A problem was found starting at: attribute.
2023-12-08 01:42:56,453 [INFO] PluginManage:359 - Loaded plugin pinoutconfig (category:base,tabindex:0)
2023-12-08 01:42:56,454 [INFO] PluginManage:310 - Check plugin power
2023-12-08 01:42:56,475 [INFO] PluginManage:359 - Loaded plugin power (category:power,tabindex:4)
2023-12-08 01:42:56,475 [INFO] PluginManage:310 - Check plugin projectmanager
2023-12-08 01:42:56,508 [INFO] PluginManage:359 - Loaded plugin projectmanager (category:projectmanager,tabindex:3)
2023-12-08 01:42:56,509 [INFO] PluginManage:310 - Check plugin thirdparty
2023-12-08 01:42:56,706 [INFO] PluginManage:359 - Loaded plugin thirdparty (category:base,tabindex:-1)
2023-12-08 01:42:56,706 [WARN] IntegrityCheckThread:84 - waiting for thirdparty lock release [integrity check]
2023-12-08 01:42:56,707 [INFO] PluginManage:310 - Check plugin tools
2023-12-08 01:42:56,707 [INFO] IntegrityCheckThread:86 - entering critical section [integrity check]
2023-12-08 01:42:56,708 [INFO] ThirdPartyUpdaterWithRetryManager:70 - Updater plugin not ready yet. [1/15]
2023-12-08 01:42:56,712 [INFO] PluginManage:359 - Loaded plugin tools (category:base,tabindex:7)
2023-12-08 01:42:56,712 [INFO] PluginManage:310 - Check plugin tutovideos
2023-12-08 01:42:56,944 [INFO] PluginManage:359 - Loaded plugin tutovideos (category:base,tabindex:-1)
2023-12-08 01:42:56,944 [INFO] PluginManage:310 - Check plugin updater
2023-12-08 01:42:56,955 [INFO] PluginManage:359 - Loaded plugin updater (category:base,tabindex:12)
2023-12-08 01:42:56,956 [INFO] PluginManage:310 - Check plugin userauth
2023-12-08 01:42:56,965 [INFO] UserAuth:113 - Init User Auth plugin
2023-12-08 01:42:56,965 [INFO] PluginManage:359 - Loaded plugin userauth (category:base,tabindex:14)
2023-12-08 01:42:56,966 [INFO] PluginManage:283 - PluginManage : Loaded plugins [17]
2023-12-08 01:42:57,307 [INFO] PinOutPanel:1499 - setPackage(No Configuration,No Configuration)
2023-12-08 01:42:57,506 [INFO] CADModel:165 - CPN selected for project level
2023-12-08 01:42:57,507 [INFO] CADModel:114 - Register for checkConnection events
2023-12-08 01:42:57,546 [INFO] IPUIPlugin:80 - create IPUIPlugin
2023-12-08 01:42:57,547 [INFO] PluginManager:220 - loadIPPluginJar : add adc
2023-12-08 01:42:57,554 [INFO] IPUIPlugin:80 - create IPUIPlugin
2023-12-08 01:42:57,554 [INFO] PluginManager:220 - loadIPPluginJar : add aes
2023-12-08 01:42:57,560 [INFO] IPUIPlugin:80 - create IPUIPlugin
2023-12-08 01:42:57,560 [INFO] PluginManager:220 - loadIPPluginJar : add can
2023-12-08 01:42:57,565 [INFO] IPUIPlugin:80 - create IPUIPlugin
2023-12-08 01:42:57,565 [INFO] PluginManager:220 - loadIPPluginJar : add comp
2023-12-08 01:42:57,571 [INFO] IPUIPlugin:80 - create IPUIPlugin
2023-12-08 01:42:57,571 [INFO] PluginManager:220 - loadIPPluginJar : add cryp
2023-12-08 01:42:57,576 [INFO] IPUIPlugin:80 - create IPUIPlugin
2023-12-08 01:42:57,577 [INFO] PluginManager:220 - loadIPPluginJar : add dfsdm
2023-12-08 01:42:57,589 [INFO] IPUIPlugin:80 - create IPUIPlugin
2023-12-08 01:42:57,590 [INFO] PluginManager:220 - loadIPPluginJar : add dma
2023-12-08 01:42:57,595 [INFO] IPUIPlugin:80 - create IPUIPlugin
2023-12-08 01:42:57,596 [INFO] PluginManager:220 - loadIPPluginJar : add dma3
2023-12-08 01:42:57,599 [INFO] IPUIPlugin:80 - create IPUIPlugin
2023-12-08 01:42:57,599 [INFO] PluginManager:220 - loadIPPluginJar : add fatfs
2023-12-08 01:42:57,607 [INFO] IPUIPlugin:80 - create IPUIPlugin
2023-12-08 01:42:57,608 [INFO] PluginManager:220 - loadIPPluginJar : add fmc
2023-12-08 01:42:57,616 [INFO] IPUIPlugin:80 - create IPUIPlugin
2023-12-08 01:42:57,616 [INFO] PluginManager:220 - loadIPPluginJar : add freertos
2023-12-08 01:42:57,619 [INFO] IPUIPlugin:80 - create IPUIPlugin
2023-12-08 01:42:57,620 [INFO] PluginManager:220 - loadIPPluginJar : add genericplugin
2023-12-08 01:42:57,624 [INFO] IPUIPlugin:80 - create IPUIPlugin
2023-12-08 01:42:57,625 [INFO] PluginManager:220 - loadIPPluginJar : add gfxmmu
2023-12-08 01:42:57,634 [INFO] IPUIPlugin:80 - create IPUIPlugin
2023-12-08 01:42:57,635 [INFO] PluginManager:220 - loadIPPluginJar : add gic
2023-12-08 01:42:57,641 [INFO] IPUIPlugin:80 - create IPUIPlugin
2023-12-08 01:42:57,642 [INFO] PluginManager:220 - loadIPPluginJar : add gpio
2023-12-08 01:42:57,647 [INFO] IPUIPlugin:80 - create IPUIPlugin
2023-12-08 01:42:57,647 [INFO] PluginManager:220 - loadIPPluginJar : add gtzc
2023-12-08 01:42:57,654 [INFO] IPUIPlugin:80 - create IPUIPlugin
2023-12-08 01:42:57,654 [INFO] PluginManager:220 - loadIPPluginJar : add hash
2023-12-08 01:42:57,659 [INFO] IPUIPlugin:80 - create IPUIPlugin
2023-12-08 01:42:57,660 [INFO] PluginManager:220 - loadIPPluginJar : add i2c
2023-12-08 01:42:57,665 [INFO] IPUIPlugin:80 - create IPUIPlugin
2023-12-08 01:42:57,665 [INFO] PluginManager:220 - loadIPPluginJar : add i2s
2023-12-08 01:42:57,670 [INFO] IPUIPlugin:80 - create IPUIPlugin
2023-12-08 01:42:57,670 [INFO] PluginManager:220 - loadIPPluginJar : add i3c
2023-12-08 01:42:57,677 [INFO] IPUIPlugin:80 - create IPUIPlugin
2023-12-08 01:42:57,678 [INFO] PluginManager:220 - loadIPPluginJar : add ipddr
2023-12-08 01:42:57,690 [INFO] IPUIPlugin:80 - create IPUIPlugin
2023-12-08 01:42:57,691 [INFO] PluginManager:220 - loadIPPluginJar : add linkedlist
2023-12-08 01:42:57,695 [INFO] IPUIPlugin:80 - create IPUIPlugin
2023-12-08 01:42:57,696 [INFO] PluginManager:220 - loadIPPluginJar : add lorawan
2023-12-08 01:42:57,698 [INFO] IPUIPlugin:80 - create IPUIPlugin
2023-12-08 01:42:57,699 [INFO] PluginManager:220 - loadIPPluginJar : add ltdc
2023-12-08 01:42:57,708 [INFO] IPUIPlugin:80 - create IPUIPlugin
2023-12-08 01:42:57,709 [INFO] PluginManager:220 - loadIPPluginJar : add mdma
2023-12-08 01:42:57,717 [INFO] IPUIPlugin:80 - create IPUIPlugin
2023-12-08 01:42:57,717 [INFO] PluginManager:220 - loadIPPluginJar : add nvic
2023-12-08 01:42:57,724 [INFO] IPUIPlugin:80 - create IPUIPlugin
2023-12-08 01:42:57,724 [INFO] PluginManager:220 - loadIPPluginJar : add opamp
2023-12-08 01:42:57,731 [INFO] IPUIPlugin:80 - create IPUIPlugin
2023-12-08 01:42:57,732 [INFO] PluginManager:220 - loadIPPluginJar : add openamp
2023-12-08 01:42:57,737 [INFO] IPUIPlugin:80 - create IPUIPlugin
2023-12-08 01:42:57,737 [INFO] PluginManager:220 - loadIPPluginJar : add pdm2pcm
2023-12-08 01:42:57,750 [INFO] IPUIPlugin:80 - create IPUIPlugin
2023-12-08 01:42:57,755 [INFO] PluginManager:220 - loadIPPluginJar : add plateformsettings
2023-12-08 01:42:57,758 [INFO] IPUIPlugin:80 - create IPUIPlugin
2023-12-08 01:42:57,758 [INFO] PluginManager:220 - loadIPPluginJar : add quadspi
2023-12-08 01:42:57,765 [INFO] IPUIPlugin:80 - create IPUIPlugin
2023-12-08 01:42:57,765 [INFO] PluginManager:220 - loadIPPluginJar : add resmgrutility
2023-12-08 01:42:57,770 [INFO] IPUIPlugin:80 - create IPUIPlugin
2023-12-08 01:42:57,771 [INFO] PluginManager:220 - loadIPPluginJar : add sai
2023-12-08 01:42:57,776 [INFO] IPUIPlugin:80 - create IPUIPlugin
2023-12-08 01:42:57,776 [INFO] PluginManager:220 - loadIPPluginJar : add spi
2023-12-08 01:42:57,786 [INFO] IPUIPlugin:80 - create IPUIPlugin
2023-12-08 01:42:57,786 [INFO] PluginManager:220 - loadIPPluginJar : add stm32_wpan
2023-12-08 01:42:57,789 [INFO] IPUIPlugin:80 - create IPUIPlugin
2023-12-08 01:42:57,790 [INFO] PluginManager:220 - loadIPPluginJar : add tim
2023-12-08 01:42:57,796 [INFO] IPUIPlugin:80 - create IPUIPlugin
2023-12-08 01:42:57,796 [INFO] PluginManager:220 - loadIPPluginJar : add touchsensing
2023-12-08 01:42:57,800 [INFO] IPUIPlugin:80 - create IPUIPlugin
2023-12-08 01:42:57,800 [INFO] PluginManager:220 - loadIPPluginJar : add tracer_emb
2023-12-08 01:42:57,803 [INFO] IPUIPlugin:80 - create IPUIPlugin
2023-12-08 01:42:57,803 [INFO] PluginManager:220 - loadIPPluginJar : add ts
2023-12-08 01:42:57,805 [INFO] IPUIPlugin:80 - create IPUIPlugin
2023-12-08 01:42:57,805 [INFO] PluginManager:220 - loadIPPluginJar : add tsc
2023-12-08 01:42:57,808 [INFO] IPUIPlugin:80 - create IPUIPlugin
2023-12-08 01:42:57,808 [INFO] PluginManager:220 - loadIPPluginJar : add ucpd
2023-12-08 01:42:57,813 [INFO] IPUIPlugin:80 - create IPUIPlugin
2023-12-08 01:42:57,814 [INFO] PluginManager:220 - loadIPPluginJar : add usart
2023-12-08 01:42:57,818 [INFO] IPUIPlugin:80 - create IPUIPlugin
2023-12-08 01:42:57,818 [INFO] PluginManager:220 - loadIPPluginJar : add usbx
2023-12-08 01:42:57,975 [INFO] CADModel:165 - CPN selected for project level
2023-12-08 01:42:57,975 [INFO] CADModel:114 - Register for checkConnection events
2023-12-08 01:42:57,976 [FATAL] Updater:308 - Updater called before beeing initialized
2023-12-08 01:42:57,977 [ERROR] CADModel:125 - Updater not yet initialized, retry later 
2023-12-08 01:42:58,176 [INFO] CADModel:165 - CPN selected for project level
2023-12-08 01:42:58,176 [INFO] CADModel:114 - Register for checkConnection events
2023-12-08 01:42:58,176 [FATAL] Updater:308 - Updater called before beeing initialized
2023-12-08 01:42:58,176 [ERROR] CADModel:125 - Updater not yet initialized, retry later 
2023-12-08 01:42:58,182 [FATAL] Updater:308 - Updater called before beeing initialized
2023-12-08 01:42:58,360 [FATAL] Updater:308 - Updater called before beeing initialized
2023-12-08 01:42:58,374 [INFO] DbMcusAds:53 - JSON generation date=Tue Mar 07 09:50:55 CET 2023 (1678179055335)
2023-12-08 01:42:58,374 [FATAL] Updater:308 - Updater called before beeing initialized
2023-12-08 01:42:58,434 [WARN] DetailPanel:346 - Failed to get advertising image, set to default
2023-12-08 01:42:58,595 [FATAL] Updater:308 - Updater called before beeing initialized
2023-12-08 01:42:58,598 [FATAL] Updater:308 - Updater called before beeing initialized
2023-12-08 01:42:58,598 [FATAL] Updater:308 - Updater called before beeing initialized
2023-12-08 01:42:58,598 [WARN] DetailPanel:346 - Failed to get advertising image, set to default
2023-12-08 01:42:58,599 [FATAL] Updater:308 - Updater called before beeing initialized
2023-12-08 01:42:58,666 [ERROR] Updater:1120 - MainUpdater not yet initialized. External WinMGr cannot be set.
2023-12-08 01:42:58,669 [INFO] Updater:1056 - Updater Version found : 6.9.2
2023-12-08 01:42:58,698 [INFO] ApplicationProperties:184 - Using Application install path: C:\ST\STM32CubeIDE_1.13.2\STM32CubeIDE\plugins\com.st.stm32cube.common.mx_6.9.2.202309101412
2023-12-08 01:42:58,894 [INFO] MainUpdater:2868 - connection check result : 10
2023-12-08 01:42:58,895 [INFO] MainUpdater:285 - Updater Check For Update Now.
2023-12-08 01:42:58,896 [INFO] MicroXplorer:498 - Change Database Version : DB.6.0.92
2023-12-08 01:42:58,907 [INFO] McuFinderGlobals:63 - Set McuFinder mode to 2 (CubeIDE integrated)
2023-12-08 01:42:58,908 [INFO] UserAuth:179 - activating auth plugin
2023-12-08 01:42:58,912 [INFO] UserAuth:393 - Internet connection configuration mode: 1
2023-12-08 01:42:58,943 [INFO] JxBrowserEngine:151 - Initiate JxBrowser Engine with user profile folder
2023-12-08 01:42:59,118 [INFO] CheckServerUpdateThread:120 - End of CheckServer Thread
2023-12-08 01:42:59,664 [INFO] WebApp:157 - Instantiating new browser for Auth
2023-12-08 01:42:59,937 [WARN] PackLoader:240 - Cannot read IP mode file for STMicroelectronics.X-CUBE-SMBUS.2.1.0
2023-12-08 01:42:59,986 [WARN] PackLoader:240 - Cannot read IP mode file for STMicroelectronics.X-CUBE-AZRTOS-F7.1.1.0
2023-12-08 01:43:00,000 [WARN] PackLoader:240 - Cannot read IP mode file for STMicroelectronics.FP-SNS-MOTENV1.4.3.2
2023-12-08 01:43:00,013 [WARN] PackLoader:240 - Cannot read IP mode file for STMicroelectronics.X-CUBE-BLE1.6.2.2
2023-12-08 01:43:00,024 [WARN] PackLoader:240 - Cannot read IP mode file for STMicroelectronics.FP-SNS-FLIGHT1.5.0.2
2023-12-08 01:43:00,034 [WARN] PackLoader:240 - Cannot read IP mode file for STMicroelectronics.X-CUBE-BLE2.3.2.2
2023-12-08 01:43:00,052 [WARN] PackLoader:240 - Cannot read IP mode file for STMicroelectronics.X-CUBE-DISPLAY.3.0.0
2023-12-08 01:43:00,068 [WARN] PackLoader:240 - Cannot read IP mode file for STMicroelectronics.X-CUBE-BLE1.7.0.0
2023-12-08 01:43:00,080 [WARN] PackLoader:240 - Cannot read IP mode file for emotas.I-CUBE-CANOPEN.1.3.0
2023-12-08 01:43:00,086 [WARN] PackLoader:240 - Cannot read IP mode file for STMicroelectronics.X-CUBE-TOUCHGFX.4.22.1
2023-12-08 01:43:00,099 [WARN] PackLoader:240 - Cannot read IP mode file for STMicroelectronics.X-CUBE-SUBG2.4.2.0
2023-12-08 01:43:00,110 [WARN] PackLoader:240 - Cannot read IP mode file for STMicroelectronics.FP-SNS-SMARTAG2.1.2.0
2023-12-08 01:43:00,133 [INFO] LogOutputStream:77 - [STDOUT_REDIRECT] 1 : Invalid condition id : UX_CORESTACK_Condition cause : null
2023-12-08 01:43:00,133 [INFO] LogOutputStream:77 - [STDOUT_REDIRECT] 1 : Invalid condition id : UX_CORESTACK_Condition cause : null
2023-12-08 01:43:00,134 [INFO] LogOutputStream:77 - [STDOUT_REDIRECT] 1 : Invalid condition id : UX_CORESTACK_Condition cause : null
2023-12-08 01:43:00,136 [INFO] LogOutputStream:77 - [STDOUT_REDIRECT] 1 : Invalid condition id : UX_CORESTACK_Condition cause : null
2023-12-08 01:43:00,137 [INFO] LogOutputStream:77 - [STDOUT_REDIRECT] 1 : Invalid condition id : UX_CORESTACK_Condition cause : null
2023-12-08 01:43:00,141 [WARN] PackLoader:240 - Cannot read IP mode file for STMicroelectronics.X-CUBE-AZRTOS-WL.2.0.0
2023-12-08 01:43:00,152 [WARN] PackLoader:240 - Cannot read IP mode file for STMicroelectronics.X-CUBE-ALGOBUILD.1.2.1
2023-12-08 01:43:00,163 [WARN] PackLoader:240 - Cannot read IP mode file for WES.I-CUBE-Cesium.1.3.0
2023-12-08 01:43:00,168 [WARN] PackLoader:240 - Cannot read IP mode file for STMicroelectronics.X-CUBE-BLE2.3.3.0
2023-12-08 01:43:00,172 [WARN] PackLoader:240 - Cannot read IP mode file for STMicroelectronics.X-CUBE-TOUCHGFX.4.18.1
2023-12-08 01:43:00,177 [WARN] PackLoader:240 - Cannot read IP mode file for wolfSSL.I-CUBE-wolfSSL.5.0.0
2023-12-08 01:43:00,183 [WARN] PackLoader:240 - Cannot read IP mode file for STMicroelectronics.X-CUBE-ALGOBUILD.1.3.0
2023-12-08 01:43:00,199 [WARN] PackLoader:240 - Cannot read IP mode file for STMicroelectronics.X-CUBE-AZRTOS-G0.1.1.0
2023-12-08 01:43:00,208 [WARN] PackLoader:240 - Cannot read IP mode file for STMicroelectronics.X-CUBE-NFC4.3.0.0
2023-12-08 01:43:00,261 [WARN] PackLoader:240 - Cannot read IP mode file for SEGGER.I-CUBE-embOS.1.2.0
2023-12-08 01:43:00,333 [WARN] PackLoader:240 - Cannot read IP mode file for STMicroelectronics.X-CUBE-BLEMGR.3.0.0
2023-12-08 01:43:00,368 [WARN] PackLoader:240 - Cannot read IP mode file for STMicroelectronics.X-CUBE-AZRTOS-H7.2.0.0
2023-12-08 01:43:00,381 [WARN] PackLoader:240 - Cannot read IP mode file for STMicroelectronics.FP-ATR-SIGFOX1.3.2.0
2023-12-08 01:43:00,388 [WARN] PackLoader:240 - Cannot read IP mode file for STMicroelectronics.X-CUBE-DISPLAY.2.0.0
2023-12-08 01:43:00,398 [WARN] PackLoader:240 - Cannot read IP mode file for STMicroelectronics.X-CUBE-GNSS1.6.0.0
2023-12-08 01:43:00,429 [WARN] PackLoader:240 - Cannot read IP mode file for STMicroelectronics.X-CUBE-AZRTOS-F4.1.1.0
2023-12-08 01:43:00,458 [WARN] PackLoader:240 - Cannot read IP mode file for STMicroelectronics.X-CUBE-AZRTOS-L5.2.0.0
2023-12-08 01:43:00,468 [WARN] PackLoader:240 - Cannot read IP mode file for STMicroelectronics.X-CUBE-EEPRMA1.4.2.0
2023-12-08 01:43:00,475 [WARN] PackLoader:240 - Cannot read IP mode file for ITTIA_DB.I-CUBE-ITTIADB.8.8.0
2023-12-08 01:43:00,481 [WARN] PackLoader:240 - Cannot read IP mode file for STMicroelectronics.X-CUBE-NFC4.2.0.3
2023-12-08 01:43:00,501 [WARN] ConditionMgr:438 - getConditionDescription Invalid condition id : UX DEVICE CLASS RTOS Condition cause : null
2023-12-08 01:43:00,502 [WARN] ConditionMgr:438 - getConditionDescription Invalid condition id : UX DEVICE CLASS RTOS Condition cause : null
2023-12-08 01:43:00,506 [WARN] PackLoader:240 - Cannot read IP mode file for STMicroelectronics.X-CUBE-AZRTOS-H7.3.1.0
2023-12-08 01:43:00,507 [WARN] ConditionMgr:1039 - genDependencies : Invalid condition id : UX DEVICE CLASS RTOS Condition cause : null
2023-12-08 01:43:00,507 [WARN] ConditionMgr:1039 - genDependencies : Invalid condition id : UX DEVICE CLASS RTOS Condition cause : null
2023-12-08 01:43:00,509 [WARN] ConditionMgr:1039 - genDependencies : Invalid condition id : UX DEVICE CLASS RTOS Condition cause : null
2023-12-08 01:43:00,509 [WARN] ConditionMgr:1039 - genDependencies : Invalid condition id : UX DEVICE CLASS RTOS Condition cause : null
2023-12-08 01:43:00,510 [WARN] ConditionMgr:1039 - genDependencies : Invalid condition id : UX DEVICE CLASS RTOS Condition cause : null
2023-12-08 01:43:00,518 [WARN] PackLoader:240 - Cannot read IP mode file for STMicroelectronics.X-CUBE-SFXS2LP1.3.1.0
2023-12-08 01:43:00,537 [WARN] PackLoader:240 - Cannot read IP mode file for STMicroelectronics.X-CUBE-AZRTOS-F4.1.0.0
2023-12-08 01:43:00,551 [WARN] PackLoader:240 - Cannot read IP mode file for STMicroelectronics.X-CUBE-TOF1.2.0.0
2023-12-08 01:43:00,562 [WARN] PackLoader:240 - Cannot read IP mode file for STMicroelectronics.X-CUBE-NFC7.1.0.1
2023-12-08 01:43:00,578 [WARN] PackLoader:240 - Cannot read IP mode file for STMicroelectronics.X-CUBE-NFC6.3.0.0
2023-12-08 01:43:00,587 [WARN] PackLoader:240 - Cannot read IP mode file for STMicroelectronics.X-CUBE-AI.8.1.0
2023-12-08 01:43:00,610 [WARN] ConditionMgr:438 - getConditionDescription Invalid condition id : LAN8742 Phy interface Condition cause : null
2023-12-08 01:43:00,612 [WARN] PackLoader:240 - Cannot read IP mode file for STMicroelectronics.X-CUBE-AZRTOS-L4.2.0.0
2023-12-08 01:43:00,614 [WARN] ConditionMgr:1039 - genDependencies : Invalid condition id : LAN8742 Phy interface Condition cause : null
2023-12-08 01:43:00,615 [WARN] ConditionMgr:1039 - genDependencies : Invalid condition id : LAN8742 Phy interface Condition cause : null
2023-12-08 01:43:00,616 [WARN] ConditionMgr:1039 - genDependencies : Invalid condition id : LAN8742 Phy interface Condition cause : null
2023-12-08 01:43:00,625 [WARN] PackLoader:240 - Cannot read IP mode file for STMicroelectronics.X-CUBE-SFXS2LP1.4.0.0
2023-12-08 01:43:00,631 [WARN] PackLoader:240 - Cannot read IP mode file for STMicroelectronics.X-CUBE-ISPU.1.1.0
2023-12-08 01:43:00,639 [WARN] PackLoader:240 - Cannot read IP mode file for RoweBots.I-CUBE-UNISONRTOS.5.5.0-4
2023-12-08 01:43:00,652 [WARN] ConditionMgr:438 - getConditionDescription Invalid condition id : UX DEVICE CLASS RTOS Condition cause : null
2023-12-08 01:43:00,653 [WARN] ConditionMgr:438 - getConditionDescription Invalid condition id : UX DEVICE CLASS RTOS Condition cause : null
2023-12-08 01:43:00,654 [WARN] PackLoader:240 - Cannot read IP mode file for STMicroelectronics.X-CUBE-AZRTOS-WB.2.0.0
2023-12-08 01:43:00,655 [WARN] ConditionMgr:1039 - genDependencies : Invalid condition id : UX DEVICE CLASS RTOS Condition cause : null
2023-12-08 01:43:00,656 [WARN] ConditionMgr:1039 - genDependencies : Invalid condition id : UX DEVICE CLASS RTOS Condition cause : null
2023-12-08 01:43:00,656 [WARN] ConditionMgr:1039 - genDependencies : Invalid condition id : UX DEVICE CLASS RTOS Condition cause : null
2023-12-08 01:43:00,657 [WARN] ConditionMgr:1039 - genDependencies : Invalid condition id : UX DEVICE CLASS RTOS Condition cause : null
2023-12-08 01:43:00,657 [WARN] ConditionMgr:1039 - genDependencies : Invalid condition id : UX DEVICE CLASS RTOS Condition cause : null
2023-12-08 01:43:00,661 [INFO] WebApp:753 - Register for checkConnection events
2023-12-08 01:43:00,662 [INFO] WebApp:390 - Apply proxy settings
2023-12-08 01:43:00,662 [INFO] WebApp:475 - Chromium requires no authentication
2023-12-08 01:43:00,667 [WARN] PackLoader:240 - Cannot read IP mode file for STMicroelectronics.X-CUBE-SUBG2.5.0.0
2023-12-08 01:43:00,676 [INFO] WebApp:418 - Direct internet connection detected
2023-12-08 01:43:00,680 [WARN] PackLoader:240 - Cannot read IP mode file for STMicroelectronics.X-CUBE-TOF1.3.3.1
2023-12-08 01:43:00,723 [WARN] PackLoader:240 - Cannot read IP mode file for STMicroelectronics.X-CUBE-AZRTOS-G4.2.0.0
2023-12-08 01:43:00,743 [WARN] PackLoader:240 - Cannot read IP mode file for Infineon.AIROC-Wi-Fi-Bluetooth-STM32.1.5.1
2023-12-08 01:43:00,754 [WARN] PackLoader:240 - Cannot read IP mode file for STMicroelectronics.FP-SNS-MOTENVWB1.1.3.0
2023-12-08 01:43:00,759 [WARN] PackLoader:240 - Cannot read IP mode file for STMicroelectronics.FP-SNS-MOTENVWB1.1.3.1
2023-12-08 01:43:00,779 [WARN] PackLoader:240 - Cannot read IP mode file for STMicroelectronics.X-CUBE-AZRTOS-G4.1.0.0
2023-12-08 01:43:00,804 [WARN] PackLoader:240 - Cannot read IP mode file for STMicroelectronics.X-CUBE-AZRTOS-L4.1.0.0
2023-12-08 01:43:00,837 [WARN] PackLoader:240 - Cannot read IP mode file for STMicroelectronics.X-CUBE-ISPU.2.0.0
2023-12-08 01:43:00,906 [WARN] PackLoader:240 - Cannot read IP mode file for STMicroelectronics.X-CUBE-MEMS1.10.0.0
2023-12-08 01:43:01,134 [WARN] PackLoader:240 - Cannot read IP mode file for STMicroelectronics.X-CUBE-FREERTOS.1.1.0
2023-12-08 01:43:01,149 [WARN] PackLoader:240 - Cannot read IP mode file for STMicroelectronics.X-CUBE-AZRTOS-F7.1.0.0
2023-12-08 01:43:01,182 [INFO] WebApp:188 - Starting web application
2023-12-08 01:43:01,182 [INFO] WebApp:520 - Web application path used C:\ST\STM32CubeIDE_1.13.2\STM32CubeIDE\plugins\com.st.stm32cube.common.mx_6.9.2.202309101412\db\plugins\mcufinder\reactClient1\index.html
2023-12-08 01:43:01,189 [WARN] PackLoader:240 - Cannot read IP mode file for STMicroelectronics.X-CUBE-MEMS1.9.1.0
2023-12-08 01:43:01,338 [WARN] PackLoader:240 - Cannot read IP mode file for portGmbH.I-Cube-SoM-uGOAL.1.1.0
2023-12-08 01:43:01,351 [WARN] PackLoader:240 - Cannot read IP mode file for STMicroelectronics.X-CUBE-ALS.1.0.1
2023-12-08 01:43:01,357 [WARN] PackLoader:240 - Cannot read IP mode file for STMicroelectronics.X-CUBE-AI.7.0.0
2023-12-08 01:43:01,389 [WARN] PackLoader:240 - Cannot read IP mode file for STMicroelectronics.X-CUBE-AZRTOS-L5.1.0.0
2023-12-08 01:43:01,401 [WARN] PackLoader:240 - Cannot read IP mode file for STMicroelectronics.X-CUBE-EEPRMA1.3.1.0
2023-12-08 01:43:01,411 [WARN] PackLoader:240 - Cannot read IP mode file for STMicroelectronics.X-CUBE-GNSS1.5.2.0
2023-12-08 01:43:01,419 [WARN] PackLoader:240 - Cannot read IP mode file for STMicroelectronics.FP-ATR-ASTRA1.2.0.0
2023-12-08 01:43:01,435 [WARN] PackLoader:240 - Cannot read IP mode file for STMicroelectronics.X-CUBE-TOF1.3.4.0
2023-12-08 01:43:01,489 [WARN] PackLoader:240 - Cannot read IP mode file for STMicroelectronics.X-CUBE-AZRTOS-H7.3.2.0
2023-12-08 01:43:01,496 [INFO] ThirdParty:978 - Integrity check success = true
2023-12-08 01:43:01,496 [INFO] IntegrityCheckThread:100 - exiting critical section [integrity check]
2023-12-08 01:43:01,496 [INFO] IntegrityCheckThread:103 - End integrity checks thread
2023-12-08 01:43:22,067 [ERROR] LogOutputStream:75 - [STDERR_REDIRECT] SLF4J: Failed to load class "org.slf4j.impl.StaticLoggerBinder".
2023-12-08 01:43:22,068 [ERROR] LogOutputStream:75 - [STDERR_REDIRECT] SLF4J: Defaulting to no-operation (NOP) logger implementation
2023-12-08 01:43:22,069 [ERROR] LogOutputStream:75 - [STDERR_REDIRECT] SLF4J: See http://www.slf4j.org/codes.html#StaticLoggerBinder for further details.
2023-12-08 02:09:18,463 [ERROR] LogOutputStream:75 - [STDERR_REDIRECT] 
